2025-06-23 15:36:32 | meta_aware.perf.meta_aware_sim_20250623_153632 | DEBUG | Memory usage at step 0: 156.78 MB
2025-06-23 15:36:32 | meta_aware.perf.meta_aware_sim_20250623_153632 | DEBUG | Matrix operation: setup_matrices, matrix: all_matrices, input: (3, 4), output: (3,), time: 0.000025s
2025-06-23 15:36:32 | meta_aware.perf.meta_aware_sim_20250623_153632 | DEBUG | Memory usage at step 0: 156.78 MB
2025-06-23 15:36:32 | meta_aware.perf.meta_aware_sim_20250623_153632 | DEBUG | Matrix operation: initialize_state, matrix: state_arrays, input: (3, 100), output: (3, 100), time: 0.000029s
2025-06-23 15:36:32 | meta_aware.perf.meta_aware_sim_20250623_153632 | DEBUG | Memory usage at step 0: 156.80 MB
2025-06-23 15:36:32 | meta_aware.perf.meta_aware_sim_20250623_153632 | DEBUG | Matrix operation: belief_update, matrix: beliefs_step_0, input: (3,), output: (3,), time: 0.000069s
2025-06-23 15:36:32 | meta_aware.perf.meta_aware_sim_20250623_153632 | DEBUG | Memory usage at step 0: 156.80 MB
2025-06-23 15:36:32 | meta_aware.perf.meta_aware_sim_20250623_153632 | DEBUG | Matrix operation: policy_selection, matrix: policy_step_0, input: (1,), output: (1,), time: 0.000023s
2025-06-23 15:36:32 | meta_aware.perf.meta_aware_sim_20250623_153632 | DEBUG | Memory usage at step 0: 156.80 MB
2025-06-23 15:36:32 | meta_aware.perf.meta_aware_sim_20250623_153632 | DEBUG | Matrix operation: generative_update, matrix: generative_step_0, input: (3,), output: (3,), time: 0.000019s
2025-06-23 15:36:32 | meta_aware.perf.meta_aware_sim_20250623_153632 | DEBUG | Step 0: {"step_duration": 0.00020194053649902344}
2025-06-23 15:36:32 | meta_aware.perf.meta_aware_sim_20250623_153632 | DEBUG | Matrix operation: belief_update, matrix: beliefs_step_1, input: (3,), output: (3,), time: 0.000065s
2025-06-23 15:36:32 | meta_aware.perf.meta_aware_sim_20250623_153632 | DEBUG | Matrix operation: policy_selection, matrix: policy_step_1, input: (1,), output: (1,), time: 0.000022s
2025-06-23 15:36:32 | meta_aware.perf.meta_aware_sim_20250623_153632 | DEBUG | Matrix operation: generative_update, matrix: generative_step_1, input: (3,), output: (3,), time: 0.000017s
2025-06-23 15:36:32 | meta_aware.perf.meta_aware_sim_20250623_153632 | DEBUG | Matrix operation: belief_update, matrix: beliefs_step_2, input: (3,), output: (3,), time: 0.000061s
2025-06-23 15:36:32 | meta_aware.perf.meta_aware_sim_20250623_153632 | DEBUG | Matrix operation: policy_selection, matrix: policy_step_2, input: (1,), output: (1,), time: 0.000020s
2025-06-23 15:36:32 | meta_aware.perf.meta_aware_sim_20250623_153632 | DEBUG | Matrix operation: generative_update, matrix: generative_step_2, input: (3,), output: (3,), time: 0.000016s
2025-06-23 15:36:32 | meta_aware.perf.meta_aware_sim_20250623_153632 | DEBUG | Matrix operation: belief_update, matrix: beliefs_step_3, input: (3,), output: (3,), time: 0.000061s
2025-06-23 15:36:32 | meta_aware.perf.meta_aware_sim_20250623_153632 | DEBUG | Matrix operation: policy_selection, matrix: policy_step_3, input: (1,), output: (1,), time: 0.000020s
2025-06-23 15:36:32 | meta_aware.perf.meta_aware_sim_20250623_153632 | DEBUG | Matrix operation: generative_update, matrix: generative_step_3, input: (3,), output: (3,), time: 0.000016s
2025-06-23 15:36:32 | meta_aware.perf.meta_aware_sim_20250623_153632 | DEBUG | Matrix operation: belief_update, matrix: beliefs_step_4, input: (3,), output: (3,), time: 0.000060s
2025-06-23 15:36:32 | meta_aware.perf.meta_aware_sim_20250623_153632 | DEBUG | Matrix operation: policy_selection, matrix: policy_step_4, input: (1,), output: (1,), time: 0.000020s
2025-06-23 15:36:32 | meta_aware.perf.meta_aware_sim_20250623_153632 | DEBUG | Matrix operation: generative_update, matrix: generative_step_4, input: (3,), output: (3,), time: 0.000016s
2025-06-23 15:36:32 | meta_aware.perf.meta_aware_sim_20250623_153632 | DEBUG | Matrix operation: belief_update, matrix: beliefs_step_5, input: (3,), output: (3,), time: 0.000061s
2025-06-23 15:36:32 | meta_aware.perf.meta_aware_sim_20250623_153632 | DEBUG | Matrix operation: policy_selection, matrix: policy_step_5, input: (1,), output: (1,), time: 0.000020s
2025-06-23 15:36:32 | meta_aware.perf.meta_aware_sim_20250623_153632 | DEBUG | Matrix operation: generative_update, matrix: generative_step_5, input: (3,), output: (3,), time: 0.000016s
2025-06-23 15:36:32 | meta_aware.perf.meta_aware_sim_20250623_153632 | DEBUG | Matrix operation: belief_update, matrix: beliefs_step_6, input: (3,), output: (3,), time: 0.000061s
2025-06-23 15:36:32 | meta_aware.perf.meta_aware_sim_20250623_153632 | DEBUG | Matrix operation: policy_selection, matrix: policy_step_6, input: (1,), output: (1,), time: 0.000020s
2025-06-23 15:36:32 | meta_aware.perf.meta_aware_sim_20250623_153632 | DEBUG | Matrix operation: generative_update, matrix: generative_step_6, input: (3,), output: (3,), time: 0.000016s
2025-06-23 15:36:32 | meta_aware.perf.meta_aware_sim_20250623_153632 | DEBUG | Matrix operation: belief_update, matrix: beliefs_step_7, input: (3,), output: (3,), time: 0.000060s
2025-06-23 15:36:32 | meta_aware.perf.meta_aware_sim_20250623_153632 | DEBUG | Matrix operation: policy_selection, matrix: policy_step_7, input: (1,), output: (1,), time: 0.000020s
2025-06-23 15:36:32 | meta_aware.perf.meta_aware_sim_20250623_153632 | DEBUG | Matrix operation: generative_update, matrix: generative_step_7, input: (3,), output: (3,), time: 0.000015s
2025-06-23 15:36:32 | meta_aware.perf.meta_aware_sim_20250623_153632 | DEBUG | Matrix operation: belief_update, matrix: beliefs_step_8, input: (3,), output: (3,), time: 0.000137s
2025-06-23 15:36:32 | meta_aware.perf.meta_aware_sim_20250623_153632 | DEBUG | Matrix operation: policy_selection, matrix: policy_step_8, input: (1,), output: (1,), time: 0.000041s
2025-06-23 15:36:32 | meta_aware.perf.meta_aware_sim_20250623_153632 | DEBUG | Matrix operation: generative_update, matrix: generative_step_8, input: (3,), output: (3,), time: 0.000043s
2025-06-23 15:36:32 | meta_aware.perf.meta_aware_sim_20250623_153632 | DEBUG | Matrix operation: belief_update, matrix: beliefs_step_9, input: (3,), output: (3,), time: 0.000085s
2025-06-23 15:36:32 | meta_aware.perf.meta_aware_sim_20250623_153632 | DEBUG | Matrix operation: policy_selection, matrix: policy_step_9, input: (1,), output: (1,), time: 0.000025s
2025-06-23 15:36:32 | meta_aware.perf.meta_aware_sim_20250623_153632 | DEBUG | Matrix operation: generative_update, matrix: generative_step_9, input: (3,), output: (3,), time: 0.000022s
2025-06-23 15:36:32 | meta_aware.perf.meta_aware_sim_20250623_153632 | DEBUG | Matrix operation: belief_update, matrix: beliefs_step_10, input: (3,), output: (3,), time: 0.000067s
2025-06-23 15:36:32 | meta_aware.perf.meta_aware_sim_20250623_153632 | DEBUG | Matrix operation: policy_selection, matrix: policy_step_10, input: (1,), output: (1,), time: 0.000022s
2025-06-23 15:36:32 | meta_aware.perf.meta_aware_sim_20250623_153632 | DEBUG | Matrix operation: generative_update, matrix: generative_step_10, input: (3,), output: (3,), time: 0.000019s
2025-06-23 15:36:32 | meta_aware.perf.meta_aware_sim_20250623_153632 | DEBUG | Matrix operation: belief_update, matrix: beliefs_step_11, input: (3,), output: (3,), time: 0.000065s
2025-06-23 15:36:32 | meta_aware.perf.meta_aware_sim_20250623_153632 | DEBUG | Matrix operation: policy_selection, matrix: policy_step_11, input: (1,), output: (1,), time: 0.000021s
2025-06-23 15:36:32 | meta_aware.perf.meta_aware_sim_20250623_153632 | DEBUG | Matrix operation: generative_update, matrix: generative_step_11, input: (3,), output: (3,), time: 0.000018s
2025-06-23 15:36:32 | meta_aware.perf.meta_aware_sim_20250623_153632 | DEBUG | Matrix operation: belief_update, matrix: beliefs_step_12, input: (3,), output: (3,), time: 0.000062s
2025-06-23 15:36:32 | meta_aware.perf.meta_aware_sim_20250623_153632 | DEBUG | Matrix operation: policy_selection, matrix: policy_step_12, input: (1,), output: (1,), time: 0.000021s
2025-06-23 15:36:32 | meta_aware.perf.meta_aware_sim_20250623_153632 | DEBUG | Matrix operation: generative_update, matrix: generative_step_12, input: (3,), output: (3,), time: 0.000017s
2025-06-23 15:36:32 | meta_aware.perf.meta_aware_sim_20250623_153632 | DEBUG | Matrix operation: belief_update, matrix: beliefs_step_13, input: (3,), output: (3,), time: 0.000061s
2025-06-23 15:36:32 | meta_aware.perf.meta_aware_sim_20250623_153632 | DEBUG | Matrix operation: policy_selection, matrix: policy_step_13, input: (1,), output: (1,), time: 0.000020s
2025-06-23 15:36:32 | meta_aware.perf.meta_aware_sim_20250623_153632 | DEBUG | Matrix operation: generative_update, matrix: generative_step_13, input: (3,), output: (3,), time: 0.000016s
2025-06-23 15:36:32 | meta_aware.perf.meta_aware_sim_20250623_153632 | DEBUG | Matrix operation: belief_update, matrix: beliefs_step_14, input: (3,), output: (3,), time: 0.000060s
2025-06-23 15:36:32 | meta_aware.perf.meta_aware_sim_20250623_153632 | DEBUG | Matrix operation: policy_selection, matrix: policy_step_14, input: (1,), output: (1,), time: 0.000023s
2025-06-23 15:36:32 | meta_aware.perf.meta_aware_sim_20250623_153632 | DEBUG | Matrix operation: generative_update, matrix: generative_step_14, input: (3,), output: (3,), time: 0.000017s
2025-06-23 15:36:32 | meta_aware.perf.meta_aware_sim_20250623_153632 | DEBUG | Matrix operation: belief_update, matrix: beliefs_step_15, input: (3,), output: (3,), time: 0.000062s
2025-06-23 15:36:32 | meta_aware.perf.meta_aware_sim_20250623_153632 | DEBUG | Matrix operation: policy_selection, matrix: policy_step_15, input: (1,), output: (1,), time: 0.000021s
2025-06-23 15:36:32 | meta_aware.perf.meta_aware_sim_20250623_153632 | DEBUG | Matrix operation: generative_update, matrix: generative_step_15, input: (3,), output: (3,), time: 0.000016s
2025-06-23 15:36:32 | meta_aware.perf.meta_aware_sim_20250623_153632 | DEBUG | Matrix operation: belief_update, matrix: beliefs_step_16, input: (3,), output: (3,), time: 0.000061s
2025-06-23 15:36:32 | meta_aware.perf.meta_aware_sim_20250623_153632 | DEBUG | Matrix operation: policy_selection, matrix: policy_step_16, input: (1,), output: (1,), time: 0.000020s
2025-06-23 15:36:32 | meta_aware.perf.meta_aware_sim_20250623_153632 | DEBUG | Matrix operation: generative_update, matrix: generative_step_16, input: (3,), output: (3,), time: 0.000016s
2025-06-23 15:36:32 | meta_aware.perf.meta_aware_sim_20250623_153632 | DEBUG | Matrix operation: belief_update, matrix: beliefs_step_17, input: (3,), output: (3,), time: 0.000061s
2025-06-23 15:36:32 | meta_aware.perf.meta_aware_sim_20250623_153632 | DEBUG | Matrix operation: policy_selection, matrix: policy_step_17, input: (1,), output: (1,), time: 0.000020s
2025-06-23 15:36:32 | meta_aware.perf.meta_aware_sim_20250623_153632 | DEBUG | Matrix operation: generative_update, matrix: generative_step_17, input: (3,), output: (3,), time: 0.000016s
2025-06-23 15:36:32 | meta_aware.perf.meta_aware_sim_20250623_153632 | DEBUG | Matrix operation: belief_update, matrix: beliefs_step_18, input: (3,), output: (3,), time: 0.000061s
2025-06-23 15:36:32 | meta_aware.perf.meta_aware_sim_20250623_153632 | DEBUG | Matrix operation: policy_selection, matrix: policy_step_18, input: (1,), output: (1,), time: 0.000020s
2025-06-23 15:36:32 | meta_aware.perf.meta_aware_sim_20250623_153632 | DEBUG | Matrix operation: generative_update, matrix: generative_step_18, input: (3,), output: (3,), time: 0.000015s
2025-06-23 15:36:32 | meta_aware.perf.meta_aware_sim_20250623_153632 | DEBUG | Matrix operation: belief_update, matrix: beliefs_step_19, input: (3,), output: (3,), time: 0.000060s
2025-06-23 15:36:32 | meta_aware.perf.meta_aware_sim_20250623_153632 | DEBUG | Matrix operation: policy_selection, matrix: policy_step_19, input: (1,), output: (1,), time: 0.000020s
2025-06-23 15:36:32 | meta_aware.perf.meta_aware_sim_20250623_153632 | DEBUG | Matrix operation: generative_update, matrix: generative_step_19, input: (3,), output: (3,), time: 0.000016s
2025-06-23 15:36:32 | meta_aware.perf.meta_aware_sim_20250623_153632 | DEBUG | Matrix operation: belief_update, matrix: beliefs_step_20, input: (3,), output: (3,), time: 0.000060s
2025-06-23 15:36:32 | meta_aware.perf.meta_aware_sim_20250623_153632 | DEBUG | Matrix operation: policy_selection, matrix: policy_step_20, input: (1,), output: (1,), time: 0.000021s
2025-06-23 15:36:32 | meta_aware.perf.meta_aware_sim_20250623_153632 | DEBUG | Matrix operation: generative_update, matrix: generative_step_20, input: (3,), output: (3,), time: 0.000016s
2025-06-23 15:36:32 | meta_aware.perf.meta_aware_sim_20250623_153632 | DEBUG | Step 20: {"step_duration": 0.00014781951904296875}
2025-06-23 15:36:32 | meta_aware.perf.meta_aware_sim_20250623_153632 | DEBUG | Matrix operation: belief_update, matrix: beliefs_step_21, input: (3,), output: (3,), time: 0.000063s
2025-06-23 15:36:32 | meta_aware.perf.meta_aware_sim_20250623_153632 | DEBUG | Matrix operation: policy_selection, matrix: policy_step_21, input: (1,), output: (1,), time: 0.000021s
2025-06-23 15:36:32 | meta_aware.perf.meta_aware_sim_20250623_153632 | DEBUG | Matrix operation: generative_update, matrix: generative_step_21, input: (3,), output: (3,), time: 0.000016s
2025-06-23 15:36:32 | meta_aware.perf.meta_aware_sim_20250623_153632 | DEBUG | Matrix operation: belief_update, matrix: beliefs_step_22, input: (3,), output: (3,), time: 0.000061s
2025-06-23 15:36:32 | meta_aware.perf.meta_aware_sim_20250623_153632 | DEBUG | Matrix operation: policy_selection, matrix: policy_step_22, input: (1,), output: (1,), time: 0.000020s
2025-06-23 15:36:32 | meta_aware.perf.meta_aware_sim_20250623_153632 | DEBUG | Matrix operation: generative_update, matrix: generative_step_22, input: (3,), output: (3,), time: 0.000016s
2025-06-23 15:36:32 | meta_aware.perf.meta_aware_sim_20250623_153632 | DEBUG | Matrix operation: belief_update, matrix: beliefs_step_23, input: (3,), output: (3,), time: 0.000062s
2025-06-23 15:36:32 | meta_aware.perf.meta_aware_sim_20250623_153632 | DEBUG | Matrix operation: policy_selection, matrix: policy_step_23, input: (1,), output: (1,), time: 0.000021s
2025-06-23 15:36:32 | meta_aware.perf.meta_aware_sim_20250623_153632 | DEBUG | Matrix operation: generative_update, matrix: generative_step_23, input: (3,), output: (3,), time: 0.000016s
2025-06-23 15:36:32 | meta_aware.perf.meta_aware_sim_20250623_153632 | DEBUG | Matrix operation: belief_update, matrix: beliefs_step_24, input: (3,), output: (3,), time: 0.000062s
2025-06-23 15:36:32 | meta_aware.perf.meta_aware_sim_20250623_153632 | DEBUG | Matrix operation: policy_selection, matrix: policy_step_24, input: (1,), output: (1,), time: 0.000020s
2025-06-23 15:36:32 | meta_aware.perf.meta_aware_sim_20250623_153632 | DEBUG | Matrix operation: generative_update, matrix: generative_step_24, input: (3,), output: (3,), time: 0.000016s
2025-06-23 15:36:32 | meta_aware.perf.meta_aware_sim_20250623_153632 | DEBUG | Matrix operation: belief_update, matrix: beliefs_step_25, input: (3,), output: (3,), time: 0.000061s
2025-06-23 15:36:32 | meta_aware.perf.meta_aware_sim_20250623_153632 | DEBUG | Matrix operation: policy_selection, matrix: policy_step_25, input: (1,), output: (1,), time: 0.000020s
2025-06-23 15:36:32 | meta_aware.perf.meta_aware_sim_20250623_153632 | DEBUG | Matrix operation: generative_update, matrix: generative_step_25, input: (3,), output: (3,), time: 0.000016s
2025-06-23 15:36:32 | meta_aware.perf.meta_aware_sim_20250623_153632 | DEBUG | Matrix operation: belief_update, matrix: beliefs_step_26, input: (3,), output: (3,), time: 0.000060s
2025-06-23 15:36:32 | meta_aware.perf.meta_aware_sim_20250623_153632 | DEBUG | Matrix operation: policy_selection, matrix: policy_step_26, input: (1,), output: (1,), time: 0.000021s
2025-06-23 15:36:32 | meta_aware.perf.meta_aware_sim_20250623_153632 | DEBUG | Matrix operation: generative_update, matrix: generative_step_26, input: (3,), output: (3,), time: 0.000015s
2025-06-23 15:36:32 | meta_aware.perf.meta_aware_sim_20250623_153632 | DEBUG | Matrix operation: belief_update, matrix: beliefs_step_27, input: (3,), output: (3,), time: 0.000061s
2025-06-23 15:36:32 | meta_aware.perf.meta_aware_sim_20250623_153632 | DEBUG | Matrix operation: policy_selection, matrix: policy_step_27, input: (1,), output: (1,), time: 0.000019s
2025-06-23 15:36:32 | meta_aware.perf.meta_aware_sim_20250623_153632 | DEBUG | Matrix operation: generative_update, matrix: generative_step_27, input: (3,), output: (3,), time: 0.000017s
2025-06-23 15:36:32 | meta_aware.perf.meta_aware_sim_20250623_153632 | DEBUG | Matrix operation: belief_update, matrix: beliefs_step_28, input: (3,), output: (3,), time: 0.000061s
2025-06-23 15:36:32 | meta_aware.perf.meta_aware_sim_20250623_153632 | DEBUG | Matrix operation: policy_selection, matrix: policy_step_28, input: (1,), output: (1,), time: 0.000020s
2025-06-23 15:36:32 | meta_aware.perf.meta_aware_sim_20250623_153632 | DEBUG | Matrix operation: generative_update, matrix: generative_step_28, input: (3,), output: (3,), time: 0.000017s
2025-06-23 15:36:32 | meta_aware.perf.meta_aware_sim_20250623_153632 | DEBUG | Matrix operation: belief_update, matrix: beliefs_step_29, input: (3,), output: (3,), time: 0.000060s
2025-06-23 15:36:32 | meta_aware.perf.meta_aware_sim_20250623_153632 | DEBUG | Matrix operation: policy_selection, matrix: policy_step_29, input: (1,), output: (1,), time: 0.000020s
2025-06-23 15:36:32 | meta_aware.perf.meta_aware_sim_20250623_153632 | DEBUG | Matrix operation: generative_update, matrix: generative_step_29, input: (3,), output: (3,), time: 0.000016s
2025-06-23 15:36:32 | meta_aware.perf.meta_aware_sim_20250623_153632 | DEBUG | Matrix operation: belief_update, matrix: beliefs_step_30, input: (3,), output: (3,), time: 0.000061s
2025-06-23 15:36:32 | meta_aware.perf.meta_aware_sim_20250623_153632 | DEBUG | Matrix operation: policy_selection, matrix: policy_step_30, input: (1,), output: (1,), time: 0.000021s
2025-06-23 15:36:32 | meta_aware.perf.meta_aware_sim_20250623_153632 | DEBUG | Matrix operation: generative_update, matrix: generative_step_30, input: (3,), output: (3,), time: 0.000015s
2025-06-23 15:36:32 | meta_aware.perf.meta_aware_sim_20250623_153632 | DEBUG | Matrix operation: belief_update, matrix: beliefs_step_31, input: (3,), output: (3,), time: 0.000060s
2025-06-23 15:36:32 | meta_aware.perf.meta_aware_sim_20250623_153632 | DEBUG | Matrix operation: policy_selection, matrix: policy_step_31, input: (1,), output: (1,), time: 0.000062s
2025-06-23 15:36:32 | meta_aware.perf.meta_aware_sim_20250623_153632 | DEBUG | Matrix operation: generative_update, matrix: generative_step_31, input: (3,), output: (3,), time: 0.000034s
2025-06-23 15:36:32 | meta_aware.perf.meta_aware_sim_20250623_153632 | DEBUG | Matrix operation: belief_update, matrix: beliefs_step_32, input: (3,), output: (3,), time: 0.000093s
2025-06-23 15:36:32 | meta_aware.perf.meta_aware_sim_20250623_153632 | DEBUG | Matrix operation: policy_selection, matrix: policy_step_32, input: (1,), output: (1,), time: 0.000025s
2025-06-23 15:36:32 | meta_aware.perf.meta_aware_sim_20250623_153632 | DEBUG | Matrix operation: generative_update, matrix: generative_step_32, input: (3,), output: (3,), time: 0.000022s
2025-06-23 15:36:32 | meta_aware.perf.meta_aware_sim_20250623_153632 | DEBUG | Matrix operation: belief_update, matrix: beliefs_step_33, input: (3,), output: (3,), time: 0.000067s
2025-06-23 15:36:32 | meta_aware.perf.meta_aware_sim_20250623_153632 | DEBUG | Matrix operation: policy_selection, matrix: policy_step_33, input: (1,), output: (1,), time: 0.000022s
2025-06-23 15:36:32 | meta_aware.perf.meta_aware_sim_20250623_153632 | DEBUG | Matrix operation: generative_update, matrix: generative_step_33, input: (3,), output: (3,), time: 0.000019s
2025-06-23 15:36:32 | meta_aware.perf.meta_aware_sim_20250623_153632 | DEBUG | Matrix operation: belief_update, matrix: beliefs_step_34, input: (3,), output: (3,), time: 0.000065s
2025-06-23 15:36:32 | meta_aware.perf.meta_aware_sim_20250623_153632 | DEBUG | Matrix operation: policy_selection, matrix: policy_step_34, input: (1,), output: (1,), time: 0.000023s
2025-06-23 15:36:32 | meta_aware.perf.meta_aware_sim_20250623_153632 | DEBUG | Matrix operation: generative_update, matrix: generative_step_34, input: (3,), output: (3,), time: 0.000018s
2025-06-23 15:36:32 | meta_aware.perf.meta_aware_sim_20250623_153632 | DEBUG | Matrix operation: belief_update, matrix: beliefs_step_35, input: (3,), output: (3,), time: 0.000063s
2025-06-23 15:36:32 | meta_aware.perf.meta_aware_sim_20250623_153632 | DEBUG | Matrix operation: policy_selection, matrix: policy_step_35, input: (1,), output: (1,), time: 0.000021s
2025-06-23 15:36:32 | meta_aware.perf.meta_aware_sim_20250623_153632 | DEBUG | Matrix operation: generative_update, matrix: generative_step_35, input: (3,), output: (3,), time: 0.000017s
2025-06-23 15:36:32 | meta_aware.perf.meta_aware_sim_20250623_153632 | DEBUG | Matrix operation: belief_update, matrix: beliefs_step_36, input: (3,), output: (3,), time: 0.000062s
2025-06-23 15:36:32 | meta_aware.perf.meta_aware_sim_20250623_153632 | DEBUG | Matrix operation: policy_selection, matrix: policy_step_36, input: (1,), output: (1,), time: 0.000021s
2025-06-23 15:36:32 | meta_aware.perf.meta_aware_sim_20250623_153632 | DEBUG | Matrix operation: generative_update, matrix: generative_step_36, input: (3,), output: (3,), time: 0.000017s
2025-06-23 15:36:32 | meta_aware.perf.meta_aware_sim_20250623_153632 | DEBUG | Matrix operation: belief_update, matrix: beliefs_step_37, input: (3,), output: (3,), time: 0.000061s
2025-06-23 15:36:32 | meta_aware.perf.meta_aware_sim_20250623_153632 | DEBUG | Matrix operation: policy_selection, matrix: policy_step_37, input: (1,), output: (1,), time: 0.000020s
2025-06-23 15:36:32 | meta_aware.perf.meta_aware_sim_20250623_153632 | DEBUG | Matrix operation: generative_update, matrix: generative_step_37, input: (3,), output: (3,), time: 0.000016s
2025-06-23 15:36:32 | meta_aware.perf.meta_aware_sim_20250623_153632 | DEBUG | Matrix operation: belief_update, matrix: beliefs_step_38, input: (3,), output: (3,), time: 0.000144s
2025-06-23 15:36:32 | meta_aware.perf.meta_aware_sim_20250623_153632 | DEBUG | Matrix operation: policy_selection, matrix: policy_step_38, input: (1,), output: (1,), time: 0.000028s
2025-06-23 15:36:32 | meta_aware.perf.meta_aware_sim_20250623_153632 | DEBUG | Matrix operation: generative_update, matrix: generative_step_38, input: (3,), output: (3,), time: 0.000027s
2025-06-23 15:36:32 | meta_aware.perf.meta_aware_sim_20250623_153632 | DEBUG | Matrix operation: belief_update, matrix: beliefs_step_39, input: (3,), output: (3,), time: 0.000069s
2025-06-23 15:36:32 | meta_aware.perf.meta_aware_sim_20250623_153632 | DEBUG | Matrix operation: policy_selection, matrix: policy_step_39, input: (1,), output: (1,), time: 0.000024s
2025-06-23 15:36:32 | meta_aware.perf.meta_aware_sim_20250623_153632 | DEBUG | Matrix operation: generative_update, matrix: generative_step_39, input: (3,), output: (3,), time: 0.000017s
2025-06-23 15:36:32 | meta_aware.perf.meta_aware_sim_20250623_153632 | DEBUG | Matrix operation: belief_update, matrix: beliefs_step_40, input: (3,), output: (3,), time: 0.000064s
2025-06-23 15:36:32 | meta_aware.perf.meta_aware_sim_20250623_153632 | DEBUG | Matrix operation: policy_selection, matrix: policy_step_40, input: (1,), output: (1,), time: 0.000021s
2025-06-23 15:36:32 | meta_aware.perf.meta_aware_sim_20250623_153632 | DEBUG | Matrix operation: generative_update, matrix: generative_step_40, input: (3,), output: (3,), time: 0.000016s
2025-06-23 15:36:32 | meta_aware.perf.meta_aware_sim_20250623_153632 | DEBUG | Step 40: {"step_duration": 0.00015592575073242188}
2025-06-23 15:36:32 | meta_aware.perf.meta_aware_sim_20250623_153632 | DEBUG | Matrix operation: belief_update, matrix: beliefs_step_41, input: (3,), output: (3,), time: 0.000064s
2025-06-23 15:36:32 | meta_aware.perf.meta_aware_sim_20250623_153632 | DEBUG | Matrix operation: policy_selection, matrix: policy_step_41, input: (1,), output: (1,), time: 0.000023s
2025-06-23 15:36:32 | meta_aware.perf.meta_aware_sim_20250623_153632 | DEBUG | Matrix operation: generative_update, matrix: generative_step_41, input: (3,), output: (3,), time: 0.000018s
2025-06-23 15:36:32 | meta_aware.perf.meta_aware_sim_20250623_153632 | DEBUG | Matrix operation: belief_update, matrix: beliefs_step_42, input: (3,), output: (3,), time: 0.000066s
2025-06-23 15:36:32 | meta_aware.perf.meta_aware_sim_20250623_153632 | DEBUG | Matrix operation: policy_selection, matrix: policy_step_42, input: (1,), output: (1,), time: 0.000023s
2025-06-23 15:36:32 | meta_aware.perf.meta_aware_sim_20250623_153632 | DEBUG | Matrix operation: generative_update, matrix: generative_step_42, input: (3,), output: (3,), time: 0.000017s
2025-06-23 15:36:32 | meta_aware.perf.meta_aware_sim_20250623_153632 | DEBUG | Matrix operation: belief_update, matrix: beliefs_step_43, input: (3,), output: (3,), time: 0.000061s
2025-06-23 15:36:32 | meta_aware.perf.meta_aware_sim_20250623_153632 | DEBUG | Matrix operation: policy_selection, matrix: policy_step_43, input: (1,), output: (1,), time: 0.000024s
2025-06-23 15:36:32 | meta_aware.perf.meta_aware_sim_20250623_153632 | DEBUG | Matrix operation: generative_update, matrix: generative_step_43, input: (3,), output: (3,), time: 0.000016s
2025-06-23 15:36:32 | meta_aware.perf.meta_aware_sim_20250623_153632 | DEBUG | Matrix operation: belief_update, matrix: beliefs_step_44, input: (3,), output: (3,), time: 0.000062s
2025-06-23 15:36:32 | meta_aware.perf.meta_aware_sim_20250623_153632 | DEBUG | Matrix operation: policy_selection, matrix: policy_step_44, input: (1,), output: (1,), time: 0.000020s
2025-06-23 15:36:32 | meta_aware.perf.meta_aware_sim_20250623_153632 | DEBUG | Matrix operation: generative_update, matrix: generative_step_44, input: (3,), output: (3,), time: 0.000015s
2025-06-23 15:36:32 | meta_aware.perf.meta_aware_sim_20250623_153632 | DEBUG | Matrix operation: belief_update, matrix: beliefs_step_45, input: (3,), output: (3,), time: 0.000060s
2025-06-23 15:36:32 | meta_aware.perf.meta_aware_sim_20250623_153632 | DEBUG | Matrix operation: policy_selection, matrix: policy_step_45, input: (1,), output: (1,), time: 0.000020s
2025-06-23 15:36:32 | meta_aware.perf.meta_aware_sim_20250623_153632 | DEBUG | Matrix operation: generative_update, matrix: generative_step_45, input: (3,), output: (3,), time: 0.000016s
2025-06-23 15:36:32 | meta_aware.perf.meta_aware_sim_20250623_153632 | DEBUG | Matrix operation: belief_update, matrix: beliefs_step_46, input: (3,), output: (3,), time: 0.000091s
2025-06-23 15:36:32 | meta_aware.perf.meta_aware_sim_20250623_153632 | DEBUG | Matrix operation: policy_selection, matrix: policy_step_46, input: (1,), output: (1,), time: 0.000026s
2025-06-23 15:36:32 | meta_aware.perf.meta_aware_sim_20250623_153632 | DEBUG | Matrix operation: generative_update, matrix: generative_step_46, input: (3,), output: (3,), time: 0.000027s
2025-06-23 15:36:32 | meta_aware.perf.meta_aware_sim_20250623_153632 | DEBUG | Matrix operation: belief_update, matrix: beliefs_step_47, input: (3,), output: (3,), time: 0.000066s
2025-06-23 15:36:32 | meta_aware.perf.meta_aware_sim_20250623_153632 | DEBUG | Matrix operation: policy_selection, matrix: policy_step_47, input: (1,), output: (1,), time: 0.000022s
2025-06-23 15:36:32 | meta_aware.perf.meta_aware_sim_20250623_153632 | DEBUG | Matrix operation: generative_update, matrix: generative_step_47, input: (3,), output: (3,), time: 0.000018s
2025-06-23 15:36:32 | meta_aware.perf.meta_aware_sim_20250623_153632 | DEBUG | Matrix operation: belief_update, matrix: beliefs_step_48, input: (3,), output: (3,), time: 0.000266s
2025-06-23 15:36:32 | meta_aware.perf.meta_aware_sim_20250623_153632 | DEBUG | Matrix operation: policy_selection, matrix: policy_step_48, input: (1,), output: (1,), time: 0.000036s
2025-06-23 15:36:32 | meta_aware.perf.meta_aware_sim_20250623_153632 | DEBUG | Matrix operation: generative_update, matrix: generative_step_48, input: (3,), output: (3,), time: 0.000145s
2025-06-23 15:36:32 | meta_aware.perf.meta_aware_sim_20250623_153632 | DEBUG | Matrix operation: belief_update, matrix: beliefs_step_49, input: (3,), output: (3,), time: 0.000200s
2025-06-23 15:36:32 | meta_aware.perf.meta_aware_sim_20250623_153632 | DEBUG | Matrix operation: policy_selection, matrix: policy_step_49, input: (1,), output: (1,), time: 0.000068s
2025-06-23 15:36:32 | meta_aware.perf.meta_aware_sim_20250623_153632 | DEBUG | Matrix operation: generative_update, matrix: generative_step_49, input: (3,), output: (3,), time: 0.000058s
2025-06-23 15:36:32 | meta_aware.perf.meta_aware_sim_20250623_153632 | DEBUG | Matrix operation: belief_update, matrix: beliefs_step_50, input: (3,), output: (3,), time: 0.000208s
2025-06-23 15:36:32 | meta_aware.perf.meta_aware_sim_20250623_153632 | DEBUG | Matrix operation: policy_selection, matrix: policy_step_50, input: (1,), output: (1,), time: 0.000121s
2025-06-23 15:36:32 | meta_aware.perf.meta_aware_sim_20250623_153632 | DEBUG | Matrix operation: generative_update, matrix: generative_step_50, input: (3,), output: (3,), time: 0.000113s
2025-06-23 15:36:32 | meta_aware.perf.meta_aware_sim_20250623_153632 | DEBUG | Matrix operation: belief_update, matrix: beliefs_step_51, input: (3,), output: (3,), time: 0.000093s
2025-06-23 15:36:32 | meta_aware.perf.meta_aware_sim_20250623_153632 | DEBUG | Matrix operation: policy_selection, matrix: policy_step_51, input: (1,), output: (1,), time: 0.000094s
2025-06-23 15:36:32 | meta_aware.perf.meta_aware_sim_20250623_153632 | DEBUG | Matrix operation: generative_update, matrix: generative_step_51, input: (3,), output: (3,), time: 0.000179s
2025-06-23 15:36:32 | meta_aware.perf.meta_aware_sim_20250623_153632 | DEBUG | Matrix operation: belief_update, matrix: beliefs_step_52, input: (3,), output: (3,), time: 0.000199s
2025-06-23 15:36:32 | meta_aware.perf.meta_aware_sim_20250623_153632 | DEBUG | Matrix operation: policy_selection, matrix: policy_step_52, input: (1,), output: (1,), time: 0.000310s
2025-06-23 15:36:32 | meta_aware.perf.meta_aware_sim_20250623_153632 | DEBUG | Matrix operation: generative_update, matrix: generative_step_52, input: (3,), output: (3,), time: 0.000030s
2025-06-23 15:36:32 | meta_aware.perf.meta_aware_sim_20250623_153632 | DEBUG | Matrix operation: belief_update, matrix: beliefs_step_53, input: (3,), output: (3,), time: 0.000610s
2025-06-23 15:36:32 | meta_aware.perf.meta_aware_sim_20250623_153632 | DEBUG | Matrix operation: policy_selection, matrix: policy_step_53, input: (1,), output: (1,), time: 0.000249s
2025-06-23 15:36:32 | meta_aware.perf.meta_aware_sim_20250623_153632 | DEBUG | Matrix operation: generative_update, matrix: generative_step_53, input: (3,), output: (3,), time: 0.000067s
2025-06-23 15:36:32 | meta_aware.perf.meta_aware_sim_20250623_153632 | DEBUG | Matrix operation: belief_update, matrix: beliefs_step_54, input: (3,), output: (3,), time: 0.000827s
2025-06-23 15:36:32 | meta_aware.perf.meta_aware_sim_20250623_153632 | DEBUG | Matrix operation: policy_selection, matrix: policy_step_54, input: (1,), output: (1,), time: 0.000094s
2025-06-23 15:36:32 | meta_aware.perf.meta_aware_sim_20250623_153632 | DEBUG | Matrix operation: generative_update, matrix: generative_step_54, input: (3,), output: (3,), time: 0.000062s
2025-06-23 15:36:32 | meta_aware.perf.meta_aware_sim_20250623_153632 | DEBUG | Matrix operation: belief_update, matrix: beliefs_step_55, input: (3,), output: (3,), time: 0.000168s
2025-06-23 15:36:32 | meta_aware.perf.meta_aware_sim_20250623_153632 | DEBUG | Matrix operation: policy_selection, matrix: policy_step_55, input: (1,), output: (1,), time: 0.000037s
2025-06-23 15:36:32 | meta_aware.perf.meta_aware_sim_20250623_153632 | DEBUG | Matrix operation: generative_update, matrix: generative_step_55, input: (3,), output: (3,), time: 0.000030s
2025-06-23 15:36:32 | meta_aware.perf.meta_aware_sim_20250623_153632 | DEBUG | Matrix operation: belief_update, matrix: beliefs_step_56, input: (3,), output: (3,), time: 0.000075s
2025-06-23 15:36:32 | meta_aware.perf.meta_aware_sim_20250623_153632 | DEBUG | Matrix operation: policy_selection, matrix: policy_step_56, input: (1,), output: (1,), time: 0.000024s
2025-06-23 15:36:32 | meta_aware.perf.meta_aware_sim_20250623_153632 | DEBUG | Matrix operation: generative_update, matrix: generative_step_56, input: (3,), output: (3,), time: 0.000022s
2025-06-23 15:36:32 | meta_aware.perf.meta_aware_sim_20250623_153632 | DEBUG | Matrix operation: belief_update, matrix: beliefs_step_57, input: (3,), output: (3,), time: 0.000136s
2025-06-23 15:36:32 | meta_aware.perf.meta_aware_sim_20250623_153632 | DEBUG | Matrix operation: policy_selection, matrix: policy_step_57, input: (1,), output: (1,), time: 0.000057s
2025-06-23 15:36:32 | meta_aware.perf.meta_aware_sim_20250623_153632 | DEBUG | Matrix operation: generative_update, matrix: generative_step_57, input: (3,), output: (3,), time: 0.000634s
2025-06-23 15:36:32 | meta_aware.perf.meta_aware_sim_20250623_153632 | DEBUG | Matrix operation: belief_update, matrix: beliefs_step_58, input: (3,), output: (3,), time: 0.000295s
2025-06-23 15:36:32 | meta_aware.perf.meta_aware_sim_20250623_153632 | DEBUG | Matrix operation: policy_selection, matrix: policy_step_58, input: (1,), output: (1,), time: 0.000026s
2025-06-23 15:36:32 | meta_aware.perf.meta_aware_sim_20250623_153632 | DEBUG | Matrix operation: generative_update, matrix: generative_step_58, input: (3,), output: (3,), time: 0.001196s
2025-06-23 15:36:32 | meta_aware.perf.meta_aware_sim_20250623_153632 | DEBUG | Matrix operation: belief_update, matrix: beliefs_step_59, input: (3,), output: (3,), time: 0.000116s
2025-06-23 15:36:32 | meta_aware.perf.meta_aware_sim_20250623_153632 | DEBUG | Matrix operation: policy_selection, matrix: policy_step_59, input: (1,), output: (1,), time: 0.000031s
2025-06-23 15:36:32 | meta_aware.perf.meta_aware_sim_20250623_153632 | DEBUG | Matrix operation: generative_update, matrix: generative_step_59, input: (3,), output: (3,), time: 0.000032s
2025-06-23 15:36:32 | meta_aware.perf.meta_aware_sim_20250623_153632 | DEBUG | Matrix operation: belief_update, matrix: beliefs_step_60, input: (3,), output: (3,), time: 0.000074s
2025-06-23 15:36:32 | meta_aware.perf.meta_aware_sim_20250623_153632 | DEBUG | Matrix operation: policy_selection, matrix: policy_step_60, input: (1,), output: (1,), time: 0.000063s
2025-06-23 15:36:32 | meta_aware.perf.meta_aware_sim_20250623_153632 | DEBUG | Matrix operation: generative_update, matrix: generative_step_60, input: (3,), output: (3,), time: 0.000123s
2025-06-23 15:36:32 | meta_aware.perf.meta_aware_sim_20250623_153632 | DEBUG | Step 60: {"step_duration": 0.006726980209350586}
2025-06-23 15:36:32 | meta_aware.perf.meta_aware_sim_20250623_153632 | DEBUG | Matrix operation: belief_update, matrix: beliefs_step_61, input: (3,), output: (3,), time: 0.000470s
2025-06-23 15:36:32 | meta_aware.perf.meta_aware_sim_20250623_153632 | DEBUG | Matrix operation: policy_selection, matrix: policy_step_61, input: (1,), output: (1,), time: 0.000413s
2025-06-23 15:36:32 | meta_aware.perf.meta_aware_sim_20250623_153632 | DEBUG | Matrix operation: generative_update, matrix: generative_step_61, input: (3,), output: (3,), time: 0.000142s
2025-06-23 15:36:32 | meta_aware.perf.meta_aware_sim_20250623_153632 | DEBUG | Matrix operation: belief_update, matrix: beliefs_step_62, input: (3,), output: (3,), time: 0.004029s
2025-06-23 15:36:32 | meta_aware.perf.meta_aware_sim_20250623_153632 | DEBUG | Matrix operation: policy_selection, matrix: policy_step_62, input: (1,), output: (1,), time: 0.000101s
2025-06-23 15:36:32 | meta_aware.perf.meta_aware_sim_20250623_153632 | DEBUG | Matrix operation: generative_update, matrix: generative_step_62, input: (3,), output: (3,), time: 0.000361s
2025-06-23 15:36:32 | meta_aware.perf.meta_aware_sim_20250623_153632 | DEBUG | Matrix operation: belief_update, matrix: beliefs_step_63, input: (3,), output: (3,), time: 0.000657s
2025-06-23 15:36:32 | meta_aware.perf.meta_aware_sim_20250623_153632 | DEBUG | Matrix operation: policy_selection, matrix: policy_step_63, input: (1,), output: (1,), time: 0.000059s
2025-06-23 15:36:32 | meta_aware.perf.meta_aware_sim_20250623_153632 | DEBUG | Matrix operation: generative_update, matrix: generative_step_63, input: (3,), output: (3,), time: 0.000048s
2025-06-23 15:36:32 | meta_aware.perf.meta_aware_sim_20250623_153632 | DEBUG | Matrix operation: belief_update, matrix: beliefs_step_64, input: (3,), output: (3,), time: 0.000122s
2025-06-23 15:36:32 | meta_aware.perf.meta_aware_sim_20250623_153632 | DEBUG | Matrix operation: policy_selection, matrix: policy_step_64, input: (1,), output: (1,), time: 0.000028s
2025-06-23 15:36:32 | meta_aware.perf.meta_aware_sim_20250623_153632 | DEBUG | Matrix operation: generative_update, matrix: generative_step_64, input: (3,), output: (3,), time: 0.000022s
2025-06-23 15:36:32 | meta_aware.perf.meta_aware_sim_20250623_153632 | DEBUG | Matrix operation: belief_update, matrix: beliefs_step_65, input: (3,), output: (3,), time: 0.000434s
2025-06-23 15:36:32 | meta_aware.perf.meta_aware_sim_20250623_153632 | DEBUG | Matrix operation: policy_selection, matrix: policy_step_65, input: (1,), output: (1,), time: 0.000101s
2025-06-23 15:36:32 | meta_aware.perf.meta_aware_sim_20250623_153632 | DEBUG | Matrix operation: generative_update, matrix: generative_step_65, input: (3,), output: (3,), time: 0.000073s
2025-06-23 15:36:32 | meta_aware.perf.meta_aware_sim_20250623_153632 | DEBUG | Matrix operation: belief_update, matrix: beliefs_step_66, input: (3,), output: (3,), time: 0.000176s
2025-06-23 15:36:32 | meta_aware.perf.meta_aware_sim_20250623_153632 | DEBUG | Matrix operation: policy_selection, matrix: policy_step_66, input: (1,), output: (1,), time: 0.000268s
2025-06-23 15:36:32 | meta_aware.perf.meta_aware_sim_20250623_153632 | DEBUG | Matrix operation: generative_update, matrix: generative_step_66, input: (3,), output: (3,), time: 0.000577s
2025-06-23 15:36:32 | meta_aware.perf.meta_aware_sim_20250623_153632 | DEBUG | Matrix operation: belief_update, matrix: beliefs_step_67, input: (3,), output: (3,), time: 0.000200s
2025-06-23 15:36:32 | meta_aware.perf.meta_aware_sim_20250623_153632 | DEBUG | Matrix operation: policy_selection, matrix: policy_step_67, input: (1,), output: (1,), time: 0.001273s
2025-06-23 15:36:32 | meta_aware.perf.meta_aware_sim_20250623_153632 | DEBUG | Matrix operation: generative_update, matrix: generative_step_67, input: (3,), output: (3,), time: 0.000059s
2025-06-23 15:36:32 | meta_aware.perf.meta_aware_sim_20250623_153632 | DEBUG | Matrix operation: belief_update, matrix: beliefs_step_68, input: (3,), output: (3,), time: 0.000090s
2025-06-23 15:36:32 | meta_aware.perf.meta_aware_sim_20250623_153632 | DEBUG | Matrix operation: policy_selection, matrix: policy_step_68, input: (1,), output: (1,), time: 0.000628s
2025-06-23 15:36:32 | meta_aware.perf.meta_aware_sim_20250623_153632 | DEBUG | Matrix operation: generative_update, matrix: generative_step_68, input: (3,), output: (3,), time: 0.000044s
2025-06-23 15:36:32 | meta_aware.perf.meta_aware_sim_20250623_153632 | DEBUG | Matrix operation: belief_update, matrix: beliefs_step_69, input: (3,), output: (3,), time: 0.000093s
2025-06-23 15:36:32 | meta_aware.perf.meta_aware_sim_20250623_153632 | DEBUG | Matrix operation: policy_selection, matrix: policy_step_69, input: (1,), output: (1,), time: 0.000029s
2025-06-23 15:36:32 | meta_aware.perf.meta_aware_sim_20250623_153632 | DEBUG | Matrix operation: generative_update, matrix: generative_step_69, input: (3,), output: (3,), time: 0.000020s
2025-06-23 15:36:32 | meta_aware.perf.meta_aware_sim_20250623_153632 | DEBUG | Matrix operation: belief_update, matrix: beliefs_step_70, input: (3,), output: (3,), time: 0.000068s
2025-06-23 15:36:32 | meta_aware.perf.meta_aware_sim_20250623_153632 | DEBUG | Matrix operation: policy_selection, matrix: policy_step_70, input: (1,), output: (1,), time: 0.000063s
2025-06-23 15:36:32 | meta_aware.perf.meta_aware_sim_20250623_153632 | DEBUG | Matrix operation: generative_update, matrix: generative_step_70, input: (3,), output: (3,), time: 0.000044s
2025-06-23 15:36:32 | meta_aware.perf.meta_aware_sim_20250623_153632 | DEBUG | Matrix operation: belief_update, matrix: beliefs_step_71, input: (3,), output: (3,), time: 0.000370s
2025-06-23 15:36:32 | meta_aware.perf.meta_aware_sim_20250623_153632 | DEBUG | Matrix operation: policy_selection, matrix: policy_step_71, input: (1,), output: (1,), time: 0.000027s
2025-06-23 15:36:32 | meta_aware.perf.meta_aware_sim_20250623_153632 | DEBUG | Matrix operation: generative_update, matrix: generative_step_71, input: (3,), output: (3,), time: 0.000091s
2025-06-23 15:36:32 | meta_aware.perf.meta_aware_sim_20250623_153632 | DEBUG | Matrix operation: belief_update, matrix: beliefs_step_72, input: (3,), output: (3,), time: 0.000195s
2025-06-23 15:36:32 | meta_aware.perf.meta_aware_sim_20250623_153632 | DEBUG | Matrix operation: policy_selection, matrix: policy_step_72, input: (1,), output: (1,), time: 0.000176s
2025-06-23 15:36:32 | meta_aware.perf.meta_aware_sim_20250623_153632 | DEBUG | Matrix operation: generative_update, matrix: generative_step_72, input: (3,), output: (3,), time: 0.000073s
2025-06-23 15:36:32 | meta_aware.perf.meta_aware_sim_20250623_153632 | DEBUG | Matrix operation: belief_update, matrix: beliefs_step_73, input: (3,), output: (3,), time: 0.000107s
2025-06-23 15:36:32 | meta_aware.perf.meta_aware_sim_20250623_153632 | DEBUG | Matrix operation: policy_selection, matrix: policy_step_73, input: (1,), output: (1,), time: 0.000029s
2025-06-23 15:36:32 | meta_aware.perf.meta_aware_sim_20250623_153632 | DEBUG | Matrix operation: generative_update, matrix: generative_step_73, input: (3,), output: (3,), time: 0.000025s
2025-06-23 15:36:32 | meta_aware.perf.meta_aware_sim_20250623_153632 | DEBUG | Matrix operation: belief_update, matrix: beliefs_step_74, input: (3,), output: (3,), time: 0.000067s
2025-06-23 15:36:32 | meta_aware.perf.meta_aware_sim_20250623_153632 | DEBUG | Matrix operation: policy_selection, matrix: policy_step_74, input: (1,), output: (1,), time: 0.000023s
2025-06-23 15:36:32 | meta_aware.perf.meta_aware_sim_20250623_153632 | DEBUG | Matrix operation: generative_update, matrix: generative_step_74, input: (3,), output: (3,), time: 0.000118s
2025-06-23 15:36:32 | meta_aware.perf.meta_aware_sim_20250623_153632 | DEBUG | Matrix operation: belief_update, matrix: beliefs_step_75, input: (3,), output: (3,), time: 0.000536s
2025-06-23 15:36:32 | meta_aware.perf.meta_aware_sim_20250623_153632 | DEBUG | Matrix operation: policy_selection, matrix: policy_step_75, input: (1,), output: (1,), time: 0.000030s
2025-06-23 15:36:32 | meta_aware.perf.meta_aware_sim_20250623_153632 | DEBUG | Matrix operation: generative_update, matrix: generative_step_75, input: (3,), output: (3,), time: 0.000041s
2025-06-23 15:36:32 | meta_aware.perf.meta_aware_sim_20250623_153632 | DEBUG | Matrix operation: belief_update, matrix: beliefs_step_76, input: (3,), output: (3,), time: 0.000075s
2025-06-23 15:36:32 | meta_aware.perf.meta_aware_sim_20250623_153632 | DEBUG | Matrix operation: policy_selection, matrix: policy_step_76, input: (1,), output: (1,), time: 0.000023s
2025-06-23 15:36:32 | meta_aware.perf.meta_aware_sim_20250623_153632 | DEBUG | Matrix operation: generative_update, matrix: generative_step_76, input: (3,), output: (3,), time: 0.000020s
2025-06-23 15:36:32 | meta_aware.perf.meta_aware_sim_20250623_153632 | DEBUG | Matrix operation: belief_update, matrix: beliefs_step_77, input: (3,), output: (3,), time: 0.000066s
2025-06-23 15:36:32 | meta_aware.perf.meta_aware_sim_20250623_153632 | DEBUG | Matrix operation: policy_selection, matrix: policy_step_77, input: (1,), output: (1,), time: 0.000022s
2025-06-23 15:36:32 | meta_aware.perf.meta_aware_sim_20250623_153632 | DEBUG | Matrix operation: generative_update, matrix: generative_step_77, input: (3,), output: (3,), time: 0.000018s
2025-06-23 15:36:32 | meta_aware.perf.meta_aware_sim_20250623_153632 | DEBUG | Matrix operation: belief_update, matrix: beliefs_step_78, input: (3,), output: (3,), time: 0.000238s
2025-06-23 15:36:32 | meta_aware.perf.meta_aware_sim_20250623_153632 | DEBUG | Matrix operation: policy_selection, matrix: policy_step_78, input: (1,), output: (1,), time: 0.000033s
2025-06-23 15:36:32 | meta_aware.perf.meta_aware_sim_20250623_153632 | DEBUG | Matrix operation: generative_update, matrix: generative_step_78, input: (3,), output: (3,), time: 0.000353s
2025-06-23 15:36:32 | meta_aware.perf.meta_aware_sim_20250623_153632 | DEBUG | Matrix operation: belief_update, matrix: beliefs_step_79, input: (3,), output: (3,), time: 0.000614s
2025-06-23 15:36:32 | meta_aware.perf.meta_aware_sim_20250623_153632 | DEBUG | Matrix operation: policy_selection, matrix: policy_step_79, input: (1,), output: (1,), time: 0.000032s
2025-06-23 15:36:32 | meta_aware.perf.meta_aware_sim_20250623_153632 | DEBUG | Matrix operation: generative_update, matrix: generative_step_79, input: (3,), output: (3,), time: 0.000613s
2025-06-23 15:36:32 | meta_aware.perf.meta_aware_sim_20250623_153632 | DEBUG | Matrix operation: belief_update, matrix: beliefs_step_80, input: (3,), output: (3,), time: 0.000864s
2025-06-23 15:36:32 | meta_aware.perf.meta_aware_sim_20250623_153632 | DEBUG | Matrix operation: policy_selection, matrix: policy_step_80, input: (1,), output: (1,), time: 0.000131s
2025-06-23 15:36:32 | meta_aware.perf.meta_aware_sim_20250623_153632 | DEBUG | Matrix operation: generative_update, matrix: generative_step_80, input: (3,), output: (3,), time: 0.000149s
2025-06-23 15:36:32 | meta_aware.perf.meta_aware_sim_20250623_153632 | DEBUG | Step 80: {"step_duration": 0.00507807731628418}
2025-06-23 15:36:32 | meta_aware.perf.meta_aware_sim_20250623_153632 | DEBUG | Matrix operation: belief_update, matrix: beliefs_step_81, input: (3,), output: (3,), time: 0.000248s
2025-06-23 15:36:32 | meta_aware.perf.meta_aware_sim_20250623_153632 | DEBUG | Matrix operation: policy_selection, matrix: policy_step_81, input: (1,), output: (1,), time: 0.000069s
2025-06-23 15:36:32 | meta_aware.perf.meta_aware_sim_20250623_153632 | DEBUG | Matrix operation: generative_update, matrix: generative_step_81, input: (3,), output: (3,), time: 0.000085s
2025-06-23 15:36:32 | meta_aware.perf.meta_aware_sim_20250623_153632 | DEBUG | Matrix operation: belief_update, matrix: beliefs_step_82, input: (3,), output: (3,), time: 0.000115s
2025-06-23 15:36:32 | meta_aware.perf.meta_aware_sim_20250623_153632 | DEBUG | Matrix operation: policy_selection, matrix: policy_step_82, input: (1,), output: (1,), time: 0.000035s
2025-06-23 15:36:32 | meta_aware.perf.meta_aware_sim_20250623_153632 | DEBUG | Matrix operation: generative_update, matrix: generative_step_82, input: (3,), output: (3,), time: 0.000132s
2025-06-23 15:36:32 | meta_aware.perf.meta_aware_sim_20250623_153632 | DEBUG | Matrix operation: belief_update, matrix: beliefs_step_83, input: (3,), output: (3,), time: 0.003587s
2025-06-23 15:36:32 | meta_aware.perf.meta_aware_sim_20250623_153632 | DEBUG | Matrix operation: policy_selection, matrix: policy_step_83, input: (1,), output: (1,), time: 0.000060s
2025-06-23 15:36:32 | meta_aware.perf.meta_aware_sim_20250623_153632 | DEBUG | Matrix operation: generative_update, matrix: generative_step_83, input: (3,), output: (3,), time: 0.000966s
2025-06-23 15:36:32 | meta_aware.perf.meta_aware_sim_20250623_153632 | DEBUG | Matrix operation: belief_update, matrix: beliefs_step_84, input: (3,), output: (3,), time: 0.000748s
2025-06-23 15:36:32 | meta_aware.perf.meta_aware_sim_20250623_153632 | DEBUG | Matrix operation: policy_selection, matrix: policy_step_84, input: (1,), output: (1,), time: 0.000032s
2025-06-23 15:36:32 | meta_aware.perf.meta_aware_sim_20250623_153632 | DEBUG | Matrix operation: generative_update, matrix: generative_step_84, input: (3,), output: (3,), time: 0.000030s
2025-06-23 15:36:32 | meta_aware.perf.meta_aware_sim_20250623_153632 | DEBUG | Matrix operation: belief_update, matrix: beliefs_step_85, input: (3,), output: (3,), time: 0.000075s
2025-06-23 15:36:32 | meta_aware.perf.meta_aware_sim_20250623_153632 | DEBUG | Matrix operation: policy_selection, matrix: policy_step_85, input: (1,), output: (1,), time: 0.002037s
2025-06-23 15:36:32 | meta_aware.perf.meta_aware_sim_20250623_153632 | DEBUG | Matrix operation: generative_update, matrix: generative_step_85, input: (3,), output: (3,), time: 0.000064s
2025-06-23 15:36:32 | meta_aware.perf.meta_aware_sim_20250623_153632 | DEBUG | Matrix operation: belief_update, matrix: beliefs_step_86, input: (3,), output: (3,), time: 0.000202s
2025-06-23 15:36:32 | meta_aware.perf.meta_aware_sim_20250623_153632 | DEBUG | Matrix operation: policy_selection, matrix: policy_step_86, input: (1,), output: (1,), time: 0.000140s
2025-06-23 15:36:32 | meta_aware.perf.meta_aware_sim_20250623_153632 | DEBUG | Matrix operation: generative_update, matrix: generative_step_86, input: (3,), output: (3,), time: 0.000024s
2025-06-23 15:36:32 | meta_aware.perf.meta_aware_sim_20250623_153632 | DEBUG | Matrix operation: belief_update, matrix: beliefs_step_87, input: (3,), output: (3,), time: 0.000076s
2025-06-23 15:36:32 | meta_aware.perf.meta_aware_sim_20250623_153632 | DEBUG | Matrix operation: policy_selection, matrix: policy_step_87, input: (1,), output: (1,), time: 0.000024s
2025-06-23 15:36:32 | meta_aware.perf.meta_aware_sim_20250623_153632 | DEBUG | Matrix operation: generative_update, matrix: generative_step_87, input: (3,), output: (3,), time: 0.000124s
2025-06-23 15:36:32 | meta_aware.perf.meta_aware_sim_20250623_153632 | DEBUG | Matrix operation: belief_update, matrix: beliefs_step_88, input: (3,), output: (3,), time: 0.000202s
2025-06-23 15:36:32 | meta_aware.perf.meta_aware_sim_20250623_153632 | DEBUG | Matrix operation: policy_selection, matrix: policy_step_88, input: (1,), output: (1,), time: 0.000031s
2025-06-23 15:36:32 | meta_aware.perf.meta_aware_sim_20250623_153632 | DEBUG | Matrix operation: generative_update, matrix: generative_step_88, input: (3,), output: (3,), time: 0.000035s
2025-06-23 15:36:32 | meta_aware.perf.meta_aware_sim_20250623_153632 | DEBUG | Matrix operation: belief_update, matrix: beliefs_step_89, input: (3,), output: (3,), time: 0.000069s
2025-06-23 15:36:32 | meta_aware.perf.meta_aware_sim_20250623_153632 | DEBUG | Matrix operation: policy_selection, matrix: policy_step_89, input: (1,), output: (1,), time: 0.000055s
2025-06-23 15:36:33 | meta_aware.perf.meta_aware_sim_20250623_153632 | DEBUG | Matrix operation: generative_update, matrix: generative_step_89, input: (3,), output: (3,), time: 0.000145s
2025-06-23 15:36:33 | meta_aware.perf.meta_aware_sim_20250623_153632 | DEBUG | Matrix operation: belief_update, matrix: beliefs_step_90, input: (3,), output: (3,), time: 0.004234s
2025-06-23 15:36:33 | meta_aware.perf.meta_aware_sim_20250623_153632 | DEBUG | Matrix operation: policy_selection, matrix: policy_step_90, input: (1,), output: (1,), time: 0.000103s
2025-06-23 15:36:33 | meta_aware.perf.meta_aware_sim_20250623_153632 | DEBUG | Matrix operation: generative_update, matrix: generative_step_90, input: (3,), output: (3,), time: 0.000094s
2025-06-23 15:36:33 | meta_aware.perf.meta_aware_sim_20250623_153632 | DEBUG | Matrix operation: belief_update, matrix: beliefs_step_91, input: (3,), output: (3,), time: 0.000189s
2025-06-23 15:36:33 | meta_aware.perf.meta_aware_sim_20250623_153632 | DEBUG | Matrix operation: policy_selection, matrix: policy_step_91, input: (1,), output: (1,), time: 0.000054s
2025-06-23 15:36:33 | meta_aware.perf.meta_aware_sim_20250623_153632 | DEBUG | Matrix operation: generative_update, matrix: generative_step_91, input: (3,), output: (3,), time: 0.000046s
2025-06-23 15:36:33 | meta_aware.perf.meta_aware_sim_20250623_153632 | DEBUG | Matrix operation: belief_update, matrix: beliefs_step_92, input: (3,), output: (3,), time: 0.045305s
2025-06-23 15:36:33 | meta_aware.perf.meta_aware_sim_20250623_153632 | DEBUG | Matrix operation: policy_selection, matrix: policy_step_92, input: (1,), output: (1,), time: 0.000076s
2025-06-23 15:36:33 | meta_aware.perf.meta_aware_sim_20250623_153632 | DEBUG | Matrix operation: generative_update, matrix: generative_step_92, input: (3,), output: (3,), time: 0.000084s
2025-06-23 15:36:33 | meta_aware.perf.meta_aware_sim_20250623_153632 | DEBUG | Matrix operation: belief_update, matrix: beliefs_step_93, input: (3,), output: (3,), time: 0.000093s
2025-06-23 15:36:33 | meta_aware.perf.meta_aware_sim_20250623_153632 | DEBUG | Matrix operation: policy_selection, matrix: policy_step_93, input: (1,), output: (1,), time: 0.000025s
2025-06-23 15:36:33 | meta_aware.perf.meta_aware_sim_20250623_153632 | DEBUG | Matrix operation: generative_update, matrix: generative_step_93, input: (3,), output: (3,), time: 0.000022s
2025-06-23 15:36:33 | meta_aware.perf.meta_aware_sim_20250623_153632 | DEBUG | Matrix operation: belief_update, matrix: beliefs_step_94, input: (3,), output: (3,), time: 0.000067s
2025-06-23 15:36:33 | meta_aware.perf.meta_aware_sim_20250623_153632 | DEBUG | Matrix operation: policy_selection, matrix: policy_step_94, input: (1,), output: (1,), time: 0.000169s
2025-06-23 15:36:33 | meta_aware.perf.meta_aware_sim_20250623_153632 | DEBUG | Matrix operation: generative_update, matrix: generative_step_94, input: (3,), output: (3,), time: 0.000077s
2025-06-23 15:36:33 | meta_aware.perf.meta_aware_sim_20250623_153632 | DEBUG | Matrix operation: belief_update, matrix: beliefs_step_95, input: (3,), output: (3,), time: 0.000120s
2025-06-23 15:36:33 | meta_aware.perf.meta_aware_sim_20250623_153632 | DEBUG | Matrix operation: policy_selection, matrix: policy_step_95, input: (1,), output: (1,), time: 0.000032s
2025-06-23 15:36:33 | meta_aware.perf.meta_aware_sim_20250623_153632 | DEBUG | Matrix operation: generative_update, matrix: generative_step_95, input: (3,), output: (3,), time: 0.000037s
2025-06-23 15:36:33 | meta_aware.perf.meta_aware_sim_20250623_153632 | DEBUG | Matrix operation: belief_update, matrix: beliefs_step_96, input: (3,), output: (3,), time: 0.000073s
2025-06-23 15:36:33 | meta_aware.perf.meta_aware_sim_20250623_153632 | DEBUG | Matrix operation: policy_selection, matrix: policy_step_96, input: (1,), output: (1,), time: 0.000023s
2025-06-23 15:36:33 | meta_aware.perf.meta_aware_sim_20250623_153632 | DEBUG | Matrix operation: generative_update, matrix: generative_step_96, input: (3,), output: (3,), time: 0.000146s
2025-06-23 15:36:33 | meta_aware.perf.meta_aware_sim_20250623_153632 | DEBUG | Matrix operation: belief_update, matrix: beliefs_step_97, input: (3,), output: (3,), time: 0.063608s
2025-06-23 15:36:33 | meta_aware.perf.meta_aware_sim_20250623_153632 | DEBUG | Matrix operation: policy_selection, matrix: policy_step_97, input: (1,), output: (1,), time: 0.000070s
2025-06-23 15:36:33 | meta_aware.perf.meta_aware_sim_20250623_153632 | DEBUG | Matrix operation: generative_update, matrix: generative_step_97, input: (3,), output: (3,), time: 0.000049s
2025-06-23 15:36:33 | meta_aware.perf.meta_aware_sim_20250623_153632 | DEBUG | Matrix operation: belief_update, matrix: beliefs_step_98, input: (3,), output: (3,), time: 0.000088s
2025-06-23 15:36:33 | meta_aware.perf.meta_aware_sim_20250623_153632 | DEBUG | Matrix operation: policy_selection, matrix: policy_step_98, input: (1,), output: (1,), time: 0.000025s
2025-06-23 15:36:33 | meta_aware.perf.meta_aware_sim_20250623_153632 | DEBUG | Matrix operation: generative_update, matrix: generative_step_98, input: (3,), output: (3,), time: 0.000021s
2025-06-23 15:36:33 | meta_aware.perf.meta_aware_sim_20250623_153632 | DEBUG | Matrix operation: belief_update, matrix: beliefs_step_99, input: (3,), output: (3,), time: 0.000066s
2025-06-23 15:36:33 | meta_aware.perf.meta_aware_sim_20250623_153632 | DEBUG | Matrix operation: final_computation, matrix: final_quantities, input: (100,), output: (1,), time: 0.000003s
