2025-06-23 15:36:32 | meta_aware.perf.meta_aware_sim_20250623_153632 | DEBUG | Memory usage at step 0: 156.70 MB
2025-06-23 15:36:32 | meta_aware.perf.meta_aware_sim_20250623_153632 | DEBUG | Matrix operation: setup_matrices, matrix: all_matrices, input: (3, 4), output: (3,), time: 0.000027s
2025-06-23 15:36:32 | meta_aware.perf.meta_aware_sim_20250623_153632 | DEBUG | Memory usage at step 0: 156.70 MB
2025-06-23 15:36:32 | meta_aware.perf.meta_aware_sim_20250623_153632 | DEBUG | Matrix operation: initialize_state, matrix: state_arrays, input: (3, 100), output: (3, 100), time: 0.000029s
2025-06-23 15:36:32 | meta_aware.perf.meta_aware_sim_20250623_153632 | DEBUG | Memory usage at step 0: 156.70 MB
2025-06-23 15:36:32 | meta_aware.perf.meta_aware_sim_20250623_153632 | DEBUG | Matrix operation: belief_update, matrix: beliefs_step_0, input: (3,), output: (3,), time: 0.000079s
2025-06-23 15:36:32 | meta_aware.perf.meta_aware_sim_20250623_153632 | DEBUG | Memory usage at step 0: 156.70 MB
2025-06-23 15:36:32 | meta_aware.perf.meta_aware_sim_20250623_153632 | DEBUG | Matrix operation: policy_selection, matrix: policy_step_0, input: (1,), output: (1,), time: 0.000029s
2025-06-23 15:36:32 | meta_aware.perf.meta_aware_sim_20250623_153632 | DEBUG | Memory usage at step 0: 156.70 MB
2025-06-23 15:36:32 | meta_aware.perf.meta_aware_sim_20250623_153632 | DEBUG | Matrix operation: generative_update, matrix: generative_step_0, input: (3,), output: (3,), time: 0.000039s
2025-06-23 15:36:32 | meta_aware.perf.meta_aware_sim_20250623_153632 | DEBUG | Step 0: {"step_duration": 0.0002472400665283203}
2025-06-23 15:36:32 | meta_aware.perf.meta_aware_sim_20250623_153632 | DEBUG | Matrix operation: belief_update, matrix: beliefs_step_1, input: (3,), output: (3,), time: 0.000068s
2025-06-23 15:36:32 | meta_aware.perf.meta_aware_sim_20250623_153632 | DEBUG | Matrix operation: policy_selection, matrix: policy_step_1, input: (1,), output: (1,), time: 0.000024s
2025-06-23 15:36:32 | meta_aware.perf.meta_aware_sim_20250623_153632 | DEBUG | Matrix operation: generative_update, matrix: generative_step_1, input: (3,), output: (3,), time: 0.000022s
2025-06-23 15:36:32 | meta_aware.perf.meta_aware_sim_20250623_153632 | DEBUG | Matrix operation: belief_update, matrix: beliefs_step_2, input: (3,), output: (3,), time: 0.000063s
2025-06-23 15:36:32 | meta_aware.perf.meta_aware_sim_20250623_153632 | DEBUG | Matrix operation: policy_selection, matrix: policy_step_2, input: (1,), output: (1,), time: 0.000022s
2025-06-23 15:36:32 | meta_aware.perf.meta_aware_sim_20250623_153632 | DEBUG | Matrix operation: generative_update, matrix: generative_step_2, input: (3,), output: (3,), time: 0.000017s
2025-06-23 15:36:32 | meta_aware.perf.meta_aware_sim_20250623_153632 | DEBUG | Matrix operation: belief_update, matrix: beliefs_step_3, input: (3,), output: (3,), time: 0.000062s
2025-06-23 15:36:32 | meta_aware.perf.meta_aware_sim_20250623_153632 | DEBUG | Matrix operation: policy_selection, matrix: policy_step_3, input: (1,), output: (1,), time: 0.000021s
2025-06-23 15:36:32 | meta_aware.perf.meta_aware_sim_20250623_153632 | DEBUG | Matrix operation: generative_update, matrix: generative_step_3, input: (3,), output: (3,), time: 0.000017s
2025-06-23 15:36:32 | meta_aware.perf.meta_aware_sim_20250623_153632 | DEBUG | Matrix operation: belief_update, matrix: beliefs_step_4, input: (3,), output: (3,), time: 0.000060s
2025-06-23 15:36:32 | meta_aware.perf.meta_aware_sim_20250623_153632 | DEBUG | Matrix operation: policy_selection, matrix: policy_step_4, input: (1,), output: (1,), time: 0.000021s
2025-06-23 15:36:32 | meta_aware.perf.meta_aware_sim_20250623_153632 | DEBUG | Matrix operation: generative_update, matrix: generative_step_4, input: (3,), output: (3,), time: 0.000017s
2025-06-23 15:36:32 | meta_aware.perf.meta_aware_sim_20250623_153632 | DEBUG | Matrix operation: belief_update, matrix: beliefs_step_5, input: (3,), output: (3,), time: 0.000061s
2025-06-23 15:36:32 | meta_aware.perf.meta_aware_sim_20250623_153632 | DEBUG | Matrix operation: policy_selection, matrix: policy_step_5, input: (1,), output: (1,), time: 0.000021s
2025-06-23 15:36:32 | meta_aware.perf.meta_aware_sim_20250623_153632 | DEBUG | Matrix operation: generative_update, matrix: generative_step_5, input: (3,), output: (3,), time: 0.000017s
2025-06-23 15:36:32 | meta_aware.perf.meta_aware_sim_20250623_153632 | DEBUG | Matrix operation: belief_update, matrix: beliefs_step_6, input: (3,), output: (3,), time: 0.000061s
2025-06-23 15:36:32 | meta_aware.perf.meta_aware_sim_20250623_153632 | DEBUG | Matrix operation: policy_selection, matrix: policy_step_6, input: (1,), output: (1,), time: 0.000021s
2025-06-23 15:36:32 | meta_aware.perf.meta_aware_sim_20250623_153632 | DEBUG | Matrix operation: generative_update, matrix: generative_step_6, input: (3,), output: (3,), time: 0.000016s
2025-06-23 15:36:32 | meta_aware.perf.meta_aware_sim_20250623_153632 | DEBUG | Matrix operation: belief_update, matrix: beliefs_step_7, input: (3,), output: (3,), time: 0.000060s
2025-06-23 15:36:32 | meta_aware.perf.meta_aware_sim_20250623_153632 | DEBUG | Matrix operation: policy_selection, matrix: policy_step_7, input: (1,), output: (1,), time: 0.000021s
2025-06-23 15:36:32 | meta_aware.perf.meta_aware_sim_20250623_153632 | DEBUG | Matrix operation: generative_update, matrix: generative_step_7, input: (3,), output: (3,), time: 0.000016s
2025-06-23 15:36:32 | meta_aware.perf.meta_aware_sim_20250623_153632 | DEBUG | Matrix operation: belief_update, matrix: beliefs_step_8, input: (3,), output: (3,), time: 0.000060s
2025-06-23 15:36:32 | meta_aware.perf.meta_aware_sim_20250623_153632 | DEBUG | Matrix operation: policy_selection, matrix: policy_step_8, input: (1,), output: (1,), time: 0.000020s
2025-06-23 15:36:32 | meta_aware.perf.meta_aware_sim_20250623_153632 | DEBUG | Matrix operation: generative_update, matrix: generative_step_8, input: (3,), output: (3,), time: 0.000016s
2025-06-23 15:36:32 | meta_aware.perf.meta_aware_sim_20250623_153632 | DEBUG | Matrix operation: belief_update, matrix: beliefs_step_9, input: (3,), output: (3,), time: 0.000059s
2025-06-23 15:36:32 | meta_aware.perf.meta_aware_sim_20250623_153632 | DEBUG | Matrix operation: policy_selection, matrix: policy_step_9, input: (1,), output: (1,), time: 0.000020s
2025-06-23 15:36:32 | meta_aware.perf.meta_aware_sim_20250623_153632 | DEBUG | Matrix operation: generative_update, matrix: generative_step_9, input: (3,), output: (3,), time: 0.000016s
2025-06-23 15:36:32 | meta_aware.perf.meta_aware_sim_20250623_153632 | DEBUG | Matrix operation: belief_update, matrix: beliefs_step_10, input: (3,), output: (3,), time: 0.000059s
2025-06-23 15:36:32 | meta_aware.perf.meta_aware_sim_20250623_153632 | DEBUG | Matrix operation: policy_selection, matrix: policy_step_10, input: (1,), output: (1,), time: 0.000020s
2025-06-23 15:36:32 | meta_aware.perf.meta_aware_sim_20250623_153632 | DEBUG | Matrix operation: generative_update, matrix: generative_step_10, input: (3,), output: (3,), time: 0.000016s
2025-06-23 15:36:32 | meta_aware.perf.meta_aware_sim_20250623_153632 | DEBUG | Matrix operation: belief_update, matrix: beliefs_step_11, input: (3,), output: (3,), time: 0.000060s
2025-06-23 15:36:32 | meta_aware.perf.meta_aware_sim_20250623_153632 | DEBUG | Matrix operation: policy_selection, matrix: policy_step_11, input: (1,), output: (1,), time: 0.000020s
2025-06-23 15:36:32 | meta_aware.perf.meta_aware_sim_20250623_153632 | DEBUG | Matrix operation: generative_update, matrix: generative_step_11, input: (3,), output: (3,), time: 0.000015s
2025-06-23 15:36:32 | meta_aware.perf.meta_aware_sim_20250623_153632 | DEBUG | Matrix operation: belief_update, matrix: beliefs_step_12, input: (3,), output: (3,), time: 0.000059s
2025-06-23 15:36:32 | meta_aware.perf.meta_aware_sim_20250623_153632 | DEBUG | Matrix operation: policy_selection, matrix: policy_step_12, input: (1,), output: (1,), time: 0.000020s
2025-06-23 15:36:32 | meta_aware.perf.meta_aware_sim_20250623_153632 | DEBUG | Matrix operation: generative_update, matrix: generative_step_12, input: (3,), output: (3,), time: 0.000015s
2025-06-23 15:36:32 | meta_aware.perf.meta_aware_sim_20250623_153632 | DEBUG | Matrix operation: belief_update, matrix: beliefs_step_13, input: (3,), output: (3,), time: 0.000059s
2025-06-23 15:36:32 | meta_aware.perf.meta_aware_sim_20250623_153632 | DEBUG | Matrix operation: policy_selection, matrix: policy_step_13, input: (1,), output: (1,), time: 0.000020s
2025-06-23 15:36:32 | meta_aware.perf.meta_aware_sim_20250623_153632 | DEBUG | Matrix operation: generative_update, matrix: generative_step_13, input: (3,), output: (3,), time: 0.000016s
2025-06-23 15:36:32 | meta_aware.perf.meta_aware_sim_20250623_153632 | DEBUG | Matrix operation: belief_update, matrix: beliefs_step_14, input: (3,), output: (3,), time: 0.000060s
2025-06-23 15:36:32 | meta_aware.perf.meta_aware_sim_20250623_153632 | DEBUG | Matrix operation: policy_selection, matrix: policy_step_14, input: (1,), output: (1,), time: 0.000019s
2025-06-23 15:36:32 | meta_aware.perf.meta_aware_sim_20250623_153632 | DEBUG | Matrix operation: generative_update, matrix: generative_step_14, input: (3,), output: (3,), time: 0.000015s
2025-06-23 15:36:32 | meta_aware.perf.meta_aware_sim_20250623_153632 | DEBUG | Matrix operation: belief_update, matrix: beliefs_step_15, input: (3,), output: (3,), time: 0.000060s
2025-06-23 15:36:32 | meta_aware.perf.meta_aware_sim_20250623_153632 | DEBUG | Matrix operation: policy_selection, matrix: policy_step_15, input: (1,), output: (1,), time: 0.000020s
2025-06-23 15:36:32 | meta_aware.perf.meta_aware_sim_20250623_153632 | DEBUG | Matrix operation: generative_update, matrix: generative_step_15, input: (3,), output: (3,), time: 0.000015s
2025-06-23 15:36:32 | meta_aware.perf.meta_aware_sim_20250623_153632 | DEBUG | Matrix operation: belief_update, matrix: beliefs_step_16, input: (3,), output: (3,), time: 0.000058s
2025-06-23 15:36:32 | meta_aware.perf.meta_aware_sim_20250623_153632 | DEBUG | Matrix operation: policy_selection, matrix: policy_step_16, input: (1,), output: (1,), time: 0.000020s
2025-06-23 15:36:32 | meta_aware.perf.meta_aware_sim_20250623_153632 | DEBUG | Matrix operation: generative_update, matrix: generative_step_16, input: (3,), output: (3,), time: 0.000015s
2025-06-23 15:36:32 | meta_aware.perf.meta_aware_sim_20250623_153632 | DEBUG | Matrix operation: belief_update, matrix: beliefs_step_17, input: (3,), output: (3,), time: 0.000058s
2025-06-23 15:36:32 | meta_aware.perf.meta_aware_sim_20250623_153632 | DEBUG | Matrix operation: policy_selection, matrix: policy_step_17, input: (1,), output: (1,), time: 0.000020s
2025-06-23 15:36:32 | meta_aware.perf.meta_aware_sim_20250623_153632 | DEBUG | Matrix operation: generative_update, matrix: generative_step_17, input: (3,), output: (3,), time: 0.000015s
2025-06-23 15:36:32 | meta_aware.perf.meta_aware_sim_20250623_153632 | DEBUG | Matrix operation: belief_update, matrix: beliefs_step_18, input: (3,), output: (3,), time: 0.000058s
2025-06-23 15:36:32 | meta_aware.perf.meta_aware_sim_20250623_153632 | DEBUG | Matrix operation: policy_selection, matrix: policy_step_18, input: (1,), output: (1,), time: 0.000020s
2025-06-23 15:36:32 | meta_aware.perf.meta_aware_sim_20250623_153632 | DEBUG | Matrix operation: generative_update, matrix: generative_step_18, input: (3,), output: (3,), time: 0.000015s
2025-06-23 15:36:32 | meta_aware.perf.meta_aware_sim_20250623_153632 | DEBUG | Matrix operation: belief_update, matrix: beliefs_step_19, input: (3,), output: (3,), time: 0.000060s
2025-06-23 15:36:32 | meta_aware.perf.meta_aware_sim_20250623_153632 | DEBUG | Matrix operation: policy_selection, matrix: policy_step_19, input: (1,), output: (1,), time: 0.000021s
2025-06-23 15:36:32 | meta_aware.perf.meta_aware_sim_20250623_153632 | DEBUG | Matrix operation: generative_update, matrix: generative_step_19, input: (3,), output: (3,), time: 0.000016s
2025-06-23 15:36:32 | meta_aware.perf.meta_aware_sim_20250623_153632 | DEBUG | Matrix operation: belief_update, matrix: beliefs_step_20, input: (3,), output: (3,), time: 0.000063s
2025-06-23 15:36:32 | meta_aware.perf.meta_aware_sim_20250623_153632 | DEBUG | Matrix operation: policy_selection, matrix: policy_step_20, input: (1,), output: (1,), time: 0.000023s
2025-06-23 15:36:32 | meta_aware.perf.meta_aware_sim_20250623_153632 | DEBUG | Matrix operation: generative_update, matrix: generative_step_20, input: (3,), output: (3,), time: 0.000016s
2025-06-23 15:36:32 | meta_aware.perf.meta_aware_sim_20250623_153632 | DEBUG | Step 20: {"step_duration": 0.00015997886657714844}
2025-06-23 15:36:32 | meta_aware.perf.meta_aware_sim_20250623_153632 | DEBUG | Matrix operation: belief_update, matrix: beliefs_step_21, input: (3,), output: (3,), time: 0.000060s
2025-06-23 15:36:32 | meta_aware.perf.meta_aware_sim_20250623_153632 | DEBUG | Matrix operation: policy_selection, matrix: policy_step_21, input: (1,), output: (1,), time: 0.000021s
2025-06-23 15:36:32 | meta_aware.perf.meta_aware_sim_20250623_153632 | DEBUG | Matrix operation: generative_update, matrix: generative_step_21, input: (3,), output: (3,), time: 0.000015s
2025-06-23 15:36:32 | meta_aware.perf.meta_aware_sim_20250623_153632 | DEBUG | Matrix operation: belief_update, matrix: beliefs_step_22, input: (3,), output: (3,), time: 0.000060s
2025-06-23 15:36:32 | meta_aware.perf.meta_aware_sim_20250623_153632 | DEBUG | Matrix operation: policy_selection, matrix: policy_step_22, input: (1,), output: (1,), time: 0.000020s
2025-06-23 15:36:32 | meta_aware.perf.meta_aware_sim_20250623_153632 | DEBUG | Matrix operation: generative_update, matrix: generative_step_22, input: (3,), output: (3,), time: 0.000016s
2025-06-23 15:36:32 | meta_aware.perf.meta_aware_sim_20250623_153632 | DEBUG | Matrix operation: belief_update, matrix: beliefs_step_23, input: (3,), output: (3,), time: 0.000060s
2025-06-23 15:36:32 | meta_aware.perf.meta_aware_sim_20250623_153632 | DEBUG | Matrix operation: policy_selection, matrix: policy_step_23, input: (1,), output: (1,), time: 0.000021s
2025-06-23 15:36:32 | meta_aware.perf.meta_aware_sim_20250623_153632 | DEBUG | Matrix operation: generative_update, matrix: generative_step_23, input: (3,), output: (3,), time: 0.000016s
2025-06-23 15:36:32 | meta_aware.perf.meta_aware_sim_20250623_153632 | DEBUG | Matrix operation: belief_update, matrix: beliefs_step_24, input: (3,), output: (3,), time: 0.000060s
2025-06-23 15:36:32 | meta_aware.perf.meta_aware_sim_20250623_153632 | DEBUG | Matrix operation: policy_selection, matrix: policy_step_24, input: (1,), output: (1,), time: 0.000021s
2025-06-23 15:36:32 | meta_aware.perf.meta_aware_sim_20250623_153632 | DEBUG | Matrix operation: generative_update, matrix: generative_step_24, input: (3,), output: (3,), time: 0.000016s
2025-06-23 15:36:32 | meta_aware.perf.meta_aware_sim_20250623_153632 | DEBUG | Matrix operation: belief_update, matrix: beliefs_step_25, input: (3,), output: (3,), time: 0.000060s
2025-06-23 15:36:32 | meta_aware.perf.meta_aware_sim_20250623_153632 | DEBUG | Matrix operation: policy_selection, matrix: policy_step_25, input: (1,), output: (1,), time: 0.000020s
2025-06-23 15:36:32 | meta_aware.perf.meta_aware_sim_20250623_153632 | DEBUG | Matrix operation: generative_update, matrix: generative_step_25, input: (3,), output: (3,), time: 0.000015s
2025-06-23 15:36:32 | meta_aware.perf.meta_aware_sim_20250623_153632 | DEBUG | Matrix operation: belief_update, matrix: beliefs_step_26, input: (3,), output: (3,), time: 0.000061s
2025-06-23 15:36:32 | meta_aware.perf.meta_aware_sim_20250623_153632 | DEBUG | Matrix operation: policy_selection, matrix: policy_step_26, input: (1,), output: (1,), time: 0.000021s
2025-06-23 15:36:32 | meta_aware.perf.meta_aware_sim_20250623_153632 | DEBUG | Matrix operation: generative_update, matrix: generative_step_26, input: (3,), output: (3,), time: 0.000015s
2025-06-23 15:36:32 | meta_aware.perf.meta_aware_sim_20250623_153632 | DEBUG | Matrix operation: belief_update, matrix: beliefs_step_27, input: (3,), output: (3,), time: 0.000060s
2025-06-23 15:36:32 | meta_aware.perf.meta_aware_sim_20250623_153632 | DEBUG | Matrix operation: policy_selection, matrix: policy_step_27, input: (1,), output: (1,), time: 0.000020s
2025-06-23 15:36:32 | meta_aware.perf.meta_aware_sim_20250623_153632 | DEBUG | Matrix operation: generative_update, matrix: generative_step_27, input: (3,), output: (3,), time: 0.000015s
2025-06-23 15:36:32 | meta_aware.perf.meta_aware_sim_20250623_153632 | DEBUG | Matrix operation: belief_update, matrix: beliefs_step_28, input: (3,), output: (3,), time: 0.000060s
2025-06-23 15:36:32 | meta_aware.perf.meta_aware_sim_20250623_153632 | DEBUG | Matrix operation: policy_selection, matrix: policy_step_28, input: (1,), output: (1,), time: 0.000020s
2025-06-23 15:36:32 | meta_aware.perf.meta_aware_sim_20250623_153632 | DEBUG | Matrix operation: generative_update, matrix: generative_step_28, input: (3,), output: (3,), time: 0.000016s
2025-06-23 15:36:32 | meta_aware.perf.meta_aware_sim_20250623_153632 | DEBUG | Matrix operation: belief_update, matrix: beliefs_step_29, input: (3,), output: (3,), time: 0.000059s
2025-06-23 15:36:32 | meta_aware.perf.meta_aware_sim_20250623_153632 | DEBUG | Matrix operation: policy_selection, matrix: policy_step_29, input: (1,), output: (1,), time: 0.000020s
2025-06-23 15:36:32 | meta_aware.perf.meta_aware_sim_20250623_153632 | DEBUG | Matrix operation: generative_update, matrix: generative_step_29, input: (3,), output: (3,), time: 0.000015s
2025-06-23 15:36:32 | meta_aware.perf.meta_aware_sim_20250623_153632 | DEBUG | Matrix operation: belief_update, matrix: beliefs_step_30, input: (3,), output: (3,), time: 0.000060s
2025-06-23 15:36:32 | meta_aware.perf.meta_aware_sim_20250623_153632 | DEBUG | Matrix operation: policy_selection, matrix: policy_step_30, input: (1,), output: (1,), time: 0.000020s
2025-06-23 15:36:32 | meta_aware.perf.meta_aware_sim_20250623_153632 | DEBUG | Matrix operation: generative_update, matrix: generative_step_30, input: (3,), output: (3,), time: 0.000016s
2025-06-23 15:36:32 | meta_aware.perf.meta_aware_sim_20250623_153632 | DEBUG | Matrix operation: belief_update, matrix: beliefs_step_31, input: (3,), output: (3,), time: 0.000060s
2025-06-23 15:36:32 | meta_aware.perf.meta_aware_sim_20250623_153632 | DEBUG | Matrix operation: policy_selection, matrix: policy_step_31, input: (1,), output: (1,), time: 0.000020s
2025-06-23 15:36:32 | meta_aware.perf.meta_aware_sim_20250623_153632 | DEBUG | Matrix operation: generative_update, matrix: generative_step_31, input: (3,), output: (3,), time: 0.000015s
2025-06-23 15:36:32 | meta_aware.perf.meta_aware_sim_20250623_153632 | DEBUG | Matrix operation: belief_update, matrix: beliefs_step_32, input: (3,), output: (3,), time: 0.000112s
2025-06-23 15:36:32 | meta_aware.perf.meta_aware_sim_20250623_153632 | DEBUG | Matrix operation: policy_selection, matrix: policy_step_32, input: (1,), output: (1,), time: 0.000028s
2025-06-23 15:36:32 | meta_aware.perf.meta_aware_sim_20250623_153632 | DEBUG | Matrix operation: generative_update, matrix: generative_step_32, input: (3,), output: (3,), time: 0.000026s
2025-06-23 15:36:32 | meta_aware.perf.meta_aware_sim_20250623_153632 | DEBUG | Matrix operation: belief_update, matrix: beliefs_step_33, input: (3,), output: (3,), time: 0.000069s
2025-06-23 15:36:32 | meta_aware.perf.meta_aware_sim_20250623_153632 | DEBUG | Matrix operation: policy_selection, matrix: policy_step_33, input: (1,), output: (1,), time: 0.000021s
2025-06-23 15:36:32 | meta_aware.perf.meta_aware_sim_20250623_153632 | DEBUG | Matrix operation: generative_update, matrix: generative_step_33, input: (3,), output: (3,), time: 0.000018s
2025-06-23 15:36:32 | meta_aware.perf.meta_aware_sim_20250623_153632 | DEBUG | Matrix operation: belief_update, matrix: beliefs_step_34, input: (3,), output: (3,), time: 0.000065s
2025-06-23 15:36:32 | meta_aware.perf.meta_aware_sim_20250623_153632 | DEBUG | Matrix operation: policy_selection, matrix: policy_step_34, input: (1,), output: (1,), time: 0.000021s
2025-06-23 15:36:32 | meta_aware.perf.meta_aware_sim_20250623_153632 | DEBUG | Matrix operation: generative_update, matrix: generative_step_34, input: (3,), output: (3,), time: 0.000017s
2025-06-23 15:36:32 | meta_aware.perf.meta_aware_sim_20250623_153632 | DEBUG | Matrix operation: belief_update, matrix: beliefs_step_35, input: (3,), output: (3,), time: 0.000064s
2025-06-23 15:36:32 | meta_aware.perf.meta_aware_sim_20250623_153632 | DEBUG | Matrix operation: policy_selection, matrix: policy_step_35, input: (1,), output: (1,), time: 0.000022s
2025-06-23 15:36:32 | meta_aware.perf.meta_aware_sim_20250623_153632 | DEBUG | Matrix operation: generative_update, matrix: generative_step_35, input: (3,), output: (3,), time: 0.000020s
2025-06-23 15:36:32 | meta_aware.perf.meta_aware_sim_20250623_153632 | DEBUG | Matrix operation: belief_update, matrix: beliefs_step_36, input: (3,), output: (3,), time: 0.000066s
2025-06-23 15:36:32 | meta_aware.perf.meta_aware_sim_20250623_153632 | DEBUG | Matrix operation: policy_selection, matrix: policy_step_36, input: (1,), output: (1,), time: 0.000022s
2025-06-23 15:36:32 | meta_aware.perf.meta_aware_sim_20250623_153632 | DEBUG | Matrix operation: generative_update, matrix: generative_step_36, input: (3,), output: (3,), time: 0.000018s
2025-06-23 15:36:32 | meta_aware.perf.meta_aware_sim_20250623_153632 | DEBUG | Matrix operation: belief_update, matrix: beliefs_step_37, input: (3,), output: (3,), time: 0.000063s
2025-06-23 15:36:32 | meta_aware.perf.meta_aware_sim_20250623_153632 | DEBUG | Matrix operation: policy_selection, matrix: policy_step_37, input: (1,), output: (1,), time: 0.000021s
2025-06-23 15:36:32 | meta_aware.perf.meta_aware_sim_20250623_153632 | DEBUG | Matrix operation: generative_update, matrix: generative_step_37, input: (3,), output: (3,), time: 0.000016s
2025-06-23 15:36:32 | meta_aware.perf.meta_aware_sim_20250623_153632 | DEBUG | Matrix operation: belief_update, matrix: beliefs_step_38, input: (3,), output: (3,), time: 0.000061s
2025-06-23 15:36:32 | meta_aware.perf.meta_aware_sim_20250623_153632 | DEBUG | Matrix operation: policy_selection, matrix: policy_step_38, input: (1,), output: (1,), time: 0.000021s
2025-06-23 15:36:32 | meta_aware.perf.meta_aware_sim_20250623_153632 | DEBUG | Matrix operation: generative_update, matrix: generative_step_38, input: (3,), output: (3,), time: 0.000016s
2025-06-23 15:36:32 | meta_aware.perf.meta_aware_sim_20250623_153632 | DEBUG | Matrix operation: belief_update, matrix: beliefs_step_39, input: (3,), output: (3,), time: 0.000061s
2025-06-23 15:36:32 | meta_aware.perf.meta_aware_sim_20250623_153632 | DEBUG | Matrix operation: policy_selection, matrix: policy_step_39, input: (1,), output: (1,), time: 0.000020s
2025-06-23 15:36:32 | meta_aware.perf.meta_aware_sim_20250623_153632 | DEBUG | Matrix operation: generative_update, matrix: generative_step_39, input: (3,), output: (3,), time: 0.000016s
2025-06-23 15:36:32 | meta_aware.perf.meta_aware_sim_20250623_153632 | DEBUG | Matrix operation: belief_update, matrix: beliefs_step_40, input: (3,), output: (3,), time: 0.000060s
2025-06-23 15:36:32 | meta_aware.perf.meta_aware_sim_20250623_153632 | DEBUG | Matrix operation: policy_selection, matrix: policy_step_40, input: (1,), output: (1,), time: 0.000025s
2025-06-23 15:36:32 | meta_aware.perf.meta_aware_sim_20250623_153632 | DEBUG | Matrix operation: generative_update, matrix: generative_step_40, input: (3,), output: (3,), time: 0.000016s
2025-06-23 15:36:32 | meta_aware.perf.meta_aware_sim_20250623_153632 | DEBUG | Step 40: {"step_duration": 0.00015211105346679688}
2025-06-23 15:36:32 | meta_aware.perf.meta_aware_sim_20250623_153632 | DEBUG | Matrix operation: belief_update, matrix: beliefs_step_41, input: (3,), output: (3,), time: 0.000062s
2025-06-23 15:36:32 | meta_aware.perf.meta_aware_sim_20250623_153632 | DEBUG | Matrix operation: policy_selection, matrix: policy_step_41, input: (1,), output: (1,), time: 0.000020s
2025-06-23 15:36:32 | meta_aware.perf.meta_aware_sim_20250623_153632 | DEBUG | Matrix operation: generative_update, matrix: generative_step_41, input: (3,), output: (3,), time: 0.000016s
2025-06-23 15:36:32 | meta_aware.perf.meta_aware_sim_20250623_153632 | DEBUG | Matrix operation: belief_update, matrix: beliefs_step_42, input: (3,), output: (3,), time: 0.000060s
2025-06-23 15:36:32 | meta_aware.perf.meta_aware_sim_20250623_153632 | DEBUG | Matrix operation: policy_selection, matrix: policy_step_42, input: (1,), output: (1,), time: 0.000020s
2025-06-23 15:36:32 | meta_aware.perf.meta_aware_sim_20250623_153632 | DEBUG | Matrix operation: generative_update, matrix: generative_step_42, input: (3,), output: (3,), time: 0.000016s
2025-06-23 15:36:32 | meta_aware.perf.meta_aware_sim_20250623_153632 | DEBUG | Matrix operation: belief_update, matrix: beliefs_step_43, input: (3,), output: (3,), time: 0.000060s
2025-06-23 15:36:32 | meta_aware.perf.meta_aware_sim_20250623_153632 | DEBUG | Matrix operation: policy_selection, matrix: policy_step_43, input: (1,), output: (1,), time: 0.000020s
2025-06-23 15:36:32 | meta_aware.perf.meta_aware_sim_20250623_153632 | DEBUG | Matrix operation: generative_update, matrix: generative_step_43, input: (3,), output: (3,), time: 0.000016s
2025-06-23 15:36:32 | meta_aware.perf.meta_aware_sim_20250623_153632 | DEBUG | Matrix operation: belief_update, matrix: beliefs_step_44, input: (3,), output: (3,), time: 0.000059s
2025-06-23 15:36:32 | meta_aware.perf.meta_aware_sim_20250623_153632 | DEBUG | Matrix operation: policy_selection, matrix: policy_step_44, input: (1,), output: (1,), time: 0.000020s
2025-06-23 15:36:32 | meta_aware.perf.meta_aware_sim_20250623_153632 | DEBUG | Matrix operation: generative_update, matrix: generative_step_44, input: (3,), output: (3,), time: 0.000015s
2025-06-23 15:36:32 | meta_aware.perf.meta_aware_sim_20250623_153632 | DEBUG | Matrix operation: belief_update, matrix: beliefs_step_45, input: (3,), output: (3,), time: 0.000060s
2025-06-23 15:36:32 | meta_aware.perf.meta_aware_sim_20250623_153632 | DEBUG | Matrix operation: policy_selection, matrix: policy_step_45, input: (1,), output: (1,), time: 0.000020s
2025-06-23 15:36:32 | meta_aware.perf.meta_aware_sim_20250623_153632 | DEBUG | Matrix operation: generative_update, matrix: generative_step_45, input: (3,), output: (3,), time: 0.000015s
2025-06-23 15:36:32 | meta_aware.perf.meta_aware_sim_20250623_153632 | DEBUG | Matrix operation: belief_update, matrix: beliefs_step_46, input: (3,), output: (3,), time: 0.000059s
2025-06-23 15:36:32 | meta_aware.perf.meta_aware_sim_20250623_153632 | DEBUG | Matrix operation: policy_selection, matrix: policy_step_46, input: (1,), output: (1,), time: 0.000019s
2025-06-23 15:36:32 | meta_aware.perf.meta_aware_sim_20250623_153632 | DEBUG | Matrix operation: generative_update, matrix: generative_step_46, input: (3,), output: (3,), time: 0.000015s
2025-06-23 15:36:32 | meta_aware.perf.meta_aware_sim_20250623_153632 | DEBUG | Matrix operation: belief_update, matrix: beliefs_step_47, input: (3,), output: (3,), time: 0.000061s
2025-06-23 15:36:32 | meta_aware.perf.meta_aware_sim_20250623_153632 | DEBUG | Matrix operation: policy_selection, matrix: policy_step_47, input: (1,), output: (1,), time: 0.000020s
2025-06-23 15:36:32 | meta_aware.perf.meta_aware_sim_20250623_153632 | DEBUG | Matrix operation: generative_update, matrix: generative_step_47, input: (3,), output: (3,), time: 0.000015s
2025-06-23 15:36:32 | meta_aware.perf.meta_aware_sim_20250623_153632 | DEBUG | Matrix operation: belief_update, matrix: beliefs_step_48, input: (3,), output: (3,), time: 0.000060s
2025-06-23 15:36:32 | meta_aware.perf.meta_aware_sim_20250623_153632 | DEBUG | Matrix operation: policy_selection, matrix: policy_step_48, input: (1,), output: (1,), time: 0.000020s
2025-06-23 15:36:32 | meta_aware.perf.meta_aware_sim_20250623_153632 | DEBUG | Matrix operation: generative_update, matrix: generative_step_48, input: (3,), output: (3,), time: 0.000016s
2025-06-23 15:36:32 | meta_aware.perf.meta_aware_sim_20250623_153632 | DEBUG | Matrix operation: belief_update, matrix: beliefs_step_49, input: (3,), output: (3,), time: 0.000060s
2025-06-23 15:36:32 | meta_aware.perf.meta_aware_sim_20250623_153632 | DEBUG | Matrix operation: policy_selection, matrix: policy_step_49, input: (1,), output: (1,), time: 0.000019s
2025-06-23 15:36:32 | meta_aware.perf.meta_aware_sim_20250623_153632 | DEBUG | Matrix operation: generative_update, matrix: generative_step_49, input: (3,), output: (3,), time: 0.000015s
2025-06-23 15:36:32 | meta_aware.perf.meta_aware_sim_20250623_153632 | DEBUG | Matrix operation: belief_update, matrix: beliefs_step_50, input: (3,), output: (3,), time: 0.000060s
2025-06-23 15:36:32 | meta_aware.perf.meta_aware_sim_20250623_153632 | DEBUG | Matrix operation: policy_selection, matrix: policy_step_50, input: (1,), output: (1,), time: 0.000020s
2025-06-23 15:36:32 | meta_aware.perf.meta_aware_sim_20250623_153632 | DEBUG | Matrix operation: generative_update, matrix: generative_step_50, input: (3,), output: (3,), time: 0.000015s
2025-06-23 15:36:32 | meta_aware.perf.meta_aware_sim_20250623_153632 | DEBUG | Matrix operation: belief_update, matrix: beliefs_step_51, input: (3,), output: (3,), time: 0.000059s
2025-06-23 15:36:32 | meta_aware.perf.meta_aware_sim_20250623_153632 | DEBUG | Matrix operation: policy_selection, matrix: policy_step_51, input: (1,), output: (1,), time: 0.000023s
2025-06-23 15:36:32 | meta_aware.perf.meta_aware_sim_20250623_153632 | DEBUG | Matrix operation: generative_update, matrix: generative_step_51, input: (3,), output: (3,), time: 0.000015s
2025-06-23 15:36:32 | meta_aware.perf.meta_aware_sim_20250623_153632 | DEBUG | Matrix operation: belief_update, matrix: beliefs_step_52, input: (3,), output: (3,), time: 0.000061s
2025-06-23 15:36:32 | meta_aware.perf.meta_aware_sim_20250623_153632 | DEBUG | Matrix operation: policy_selection, matrix: policy_step_52, input: (1,), output: (1,), time: 0.000020s
2025-06-23 15:36:32 | meta_aware.perf.meta_aware_sim_20250623_153632 | DEBUG | Matrix operation: generative_update, matrix: generative_step_52, input: (3,), output: (3,), time: 0.000016s
2025-06-23 15:36:32 | meta_aware.perf.meta_aware_sim_20250623_153632 | DEBUG | Matrix operation: belief_update, matrix: beliefs_step_53, input: (3,), output: (3,), time: 0.000061s
2025-06-23 15:36:32 | meta_aware.perf.meta_aware_sim_20250623_153632 | DEBUG | Matrix operation: policy_selection, matrix: policy_step_53, input: (1,), output: (1,), time: 0.000019s
2025-06-23 15:36:32 | meta_aware.perf.meta_aware_sim_20250623_153632 | DEBUG | Matrix operation: generative_update, matrix: generative_step_53, input: (3,), output: (3,), time: 0.000015s
2025-06-23 15:36:32 | meta_aware.perf.meta_aware_sim_20250623_153632 | DEBUG | Matrix operation: belief_update, matrix: beliefs_step_54, input: (3,), output: (3,), time: 0.000059s
2025-06-23 15:36:32 | meta_aware.perf.meta_aware_sim_20250623_153632 | DEBUG | Matrix operation: policy_selection, matrix: policy_step_54, input: (1,), output: (1,), time: 0.000020s
2025-06-23 15:36:32 | meta_aware.perf.meta_aware_sim_20250623_153632 | DEBUG | Matrix operation: generative_update, matrix: generative_step_54, input: (3,), output: (3,), time: 0.000015s
2025-06-23 15:36:32 | meta_aware.perf.meta_aware_sim_20250623_153632 | DEBUG | Matrix operation: belief_update, matrix: beliefs_step_55, input: (3,), output: (3,), time: 0.000060s
2025-06-23 15:36:32 | meta_aware.perf.meta_aware_sim_20250623_153632 | DEBUG | Matrix operation: policy_selection, matrix: policy_step_55, input: (1,), output: (1,), time: 0.000020s
2025-06-23 15:36:32 | meta_aware.perf.meta_aware_sim_20250623_153632 | DEBUG | Matrix operation: generative_update, matrix: generative_step_55, input: (3,), output: (3,), time: 0.000015s
2025-06-23 15:36:32 | meta_aware.perf.meta_aware_sim_20250623_153632 | DEBUG | Matrix operation: belief_update, matrix: beliefs_step_56, input: (3,), output: (3,), time: 0.000060s
2025-06-23 15:36:32 | meta_aware.perf.meta_aware_sim_20250623_153632 | DEBUG | Matrix operation: policy_selection, matrix: policy_step_56, input: (1,), output: (1,), time: 0.000020s
2025-06-23 15:36:32 | meta_aware.perf.meta_aware_sim_20250623_153632 | DEBUG | Matrix operation: generative_update, matrix: generative_step_56, input: (3,), output: (3,), time: 0.000015s
2025-06-23 15:36:32 | meta_aware.perf.meta_aware_sim_20250623_153632 | DEBUG | Matrix operation: belief_update, matrix: beliefs_step_57, input: (3,), output: (3,), time: 0.000059s
2025-06-23 15:36:32 | meta_aware.perf.meta_aware_sim_20250623_153632 | DEBUG | Matrix operation: policy_selection, matrix: policy_step_57, input: (1,), output: (1,), time: 0.000020s
2025-06-23 15:36:32 | meta_aware.perf.meta_aware_sim_20250623_153632 | DEBUG | Matrix operation: generative_update, matrix: generative_step_57, input: (3,), output: (3,), time: 0.000061s
2025-06-23 15:36:32 | meta_aware.perf.meta_aware_sim_20250623_153632 | DEBUG | Matrix operation: belief_update, matrix: beliefs_step_58, input: (3,), output: (3,), time: 0.000091s
2025-06-23 15:36:32 | meta_aware.perf.meta_aware_sim_20250623_153632 | DEBUG | Matrix operation: policy_selection, matrix: policy_step_58, input: (1,), output: (1,), time: 0.000026s
2025-06-23 15:36:32 | meta_aware.perf.meta_aware_sim_20250623_153632 | DEBUG | Matrix operation: generative_update, matrix: generative_step_58, input: (3,), output: (3,), time: 0.000021s
2025-06-23 15:36:32 | meta_aware.perf.meta_aware_sim_20250623_153632 | DEBUG | Matrix operation: belief_update, matrix: beliefs_step_59, input: (3,), output: (3,), time: 0.000065s
2025-06-23 15:36:32 | meta_aware.perf.meta_aware_sim_20250623_153632 | DEBUG | Matrix operation: policy_selection, matrix: policy_step_59, input: (1,), output: (1,), time: 0.000021s
2025-06-23 15:36:32 | meta_aware.perf.meta_aware_sim_20250623_153632 | DEBUG | Matrix operation: generative_update, matrix: generative_step_59, input: (3,), output: (3,), time: 0.000017s
2025-06-23 15:36:32 | meta_aware.perf.meta_aware_sim_20250623_153632 | DEBUG | Matrix operation: belief_update, matrix: beliefs_step_60, input: (3,), output: (3,), time: 0.000064s
2025-06-23 15:36:32 | meta_aware.perf.meta_aware_sim_20250623_153632 | DEBUG | Matrix operation: policy_selection, matrix: policy_step_60, input: (1,), output: (1,), time: 0.000021s
2025-06-23 15:36:32 | meta_aware.perf.meta_aware_sim_20250623_153632 | DEBUG | Matrix operation: generative_update, matrix: generative_step_60, input: (3,), output: (3,), time: 0.000017s
2025-06-23 15:36:32 | meta_aware.perf.meta_aware_sim_20250623_153632 | DEBUG | Step 60: {"step_duration": 0.00015425682067871094}
2025-06-23 15:36:32 | meta_aware.perf.meta_aware_sim_20250623_153632 | DEBUG | Matrix operation: belief_update, matrix: beliefs_step_61, input: (3,), output: (3,), time: 0.000065s
2025-06-23 15:36:32 | meta_aware.perf.meta_aware_sim_20250623_153632 | DEBUG | Matrix operation: policy_selection, matrix: policy_step_61, input: (1,), output: (1,), time: 0.000022s
2025-06-23 15:36:32 | meta_aware.perf.meta_aware_sim_20250623_153632 | DEBUG | Matrix operation: generative_update, matrix: generative_step_61, input: (3,), output: (3,), time: 0.000017s
2025-06-23 15:36:32 | meta_aware.perf.meta_aware_sim_20250623_153632 | DEBUG | Matrix operation: belief_update, matrix: beliefs_step_62, input: (3,), output: (3,), time: 0.000063s
2025-06-23 15:36:32 | meta_aware.perf.meta_aware_sim_20250623_153632 | DEBUG | Matrix operation: policy_selection, matrix: policy_step_62, input: (1,), output: (1,), time: 0.000022s
2025-06-23 15:36:32 | meta_aware.perf.meta_aware_sim_20250623_153632 | DEBUG | Matrix operation: generative_update, matrix: generative_step_62, input: (3,), output: (3,), time: 0.000016s
2025-06-23 15:36:32 | meta_aware.perf.meta_aware_sim_20250623_153632 | DEBUG | Matrix operation: belief_update, matrix: beliefs_step_63, input: (3,), output: (3,), time: 0.000063s
2025-06-23 15:36:32 | meta_aware.perf.meta_aware_sim_20250623_153632 | DEBUG | Matrix operation: policy_selection, matrix: policy_step_63, input: (1,), output: (1,), time: 0.000022s
2025-06-23 15:36:32 | meta_aware.perf.meta_aware_sim_20250623_153632 | DEBUG | Matrix operation: generative_update, matrix: generative_step_63, input: (3,), output: (3,), time: 0.000016s
2025-06-23 15:36:32 | meta_aware.perf.meta_aware_sim_20250623_153632 | DEBUG | Matrix operation: belief_update, matrix: beliefs_step_64, input: (3,), output: (3,), time: 0.000063s
2025-06-23 15:36:32 | meta_aware.perf.meta_aware_sim_20250623_153632 | DEBUG | Matrix operation: policy_selection, matrix: policy_step_64, input: (1,), output: (1,), time: 0.000021s
2025-06-23 15:36:32 | meta_aware.perf.meta_aware_sim_20250623_153632 | DEBUG | Matrix operation: generative_update, matrix: generative_step_64, input: (3,), output: (3,), time: 0.000017s
2025-06-23 15:36:32 | meta_aware.perf.meta_aware_sim_20250623_153632 | DEBUG | Matrix operation: belief_update, matrix: beliefs_step_65, input: (3,), output: (3,), time: 0.000064s
2025-06-23 15:36:32 | meta_aware.perf.meta_aware_sim_20250623_153632 | DEBUG | Matrix operation: policy_selection, matrix: policy_step_65, input: (1,), output: (1,), time: 0.000023s
2025-06-23 15:36:32 | meta_aware.perf.meta_aware_sim_20250623_153632 | DEBUG | Matrix operation: generative_update, matrix: generative_step_65, input: (3,), output: (3,), time: 0.000016s
2025-06-23 15:36:32 | meta_aware.perf.meta_aware_sim_20250623_153632 | DEBUG | Matrix operation: belief_update, matrix: beliefs_step_66, input: (3,), output: (3,), time: 0.000064s
2025-06-23 15:36:32 | meta_aware.perf.meta_aware_sim_20250623_153632 | DEBUG | Matrix operation: policy_selection, matrix: policy_step_66, input: (1,), output: (1,), time: 0.000023s
2025-06-23 15:36:32 | meta_aware.perf.meta_aware_sim_20250623_153632 | DEBUG | Matrix operation: generative_update, matrix: generative_step_66, input: (3,), output: (3,), time: 0.000016s
2025-06-23 15:36:32 | meta_aware.perf.meta_aware_sim_20250623_153632 | DEBUG | Matrix operation: belief_update, matrix: beliefs_step_67, input: (3,), output: (3,), time: 0.000063s
2025-06-23 15:36:32 | meta_aware.perf.meta_aware_sim_20250623_153632 | DEBUG | Matrix operation: policy_selection, matrix: policy_step_67, input: (1,), output: (1,), time: 0.000024s
2025-06-23 15:36:32 | meta_aware.perf.meta_aware_sim_20250623_153632 | DEBUG | Matrix operation: generative_update, matrix: generative_step_67, input: (3,), output: (3,), time: 0.000021s
2025-06-23 15:36:32 | meta_aware.perf.meta_aware_sim_20250623_153632 | DEBUG | Matrix operation: belief_update, matrix: beliefs_step_68, input: (3,), output: (3,), time: 0.000072s
2025-06-23 15:36:32 | meta_aware.perf.meta_aware_sim_20250623_153632 | DEBUG | Matrix operation: policy_selection, matrix: policy_step_68, input: (1,), output: (1,), time: 0.000025s
2025-06-23 15:36:32 | meta_aware.perf.meta_aware_sim_20250623_153632 | DEBUG | Matrix operation: generative_update, matrix: generative_step_68, input: (3,), output: (3,), time: 0.000022s
2025-06-23 15:36:32 | meta_aware.perf.meta_aware_sim_20250623_153632 | DEBUG | Matrix operation: belief_update, matrix: beliefs_step_69, input: (3,), output: (3,), time: 0.000190s
2025-06-23 15:36:32 | meta_aware.perf.meta_aware_sim_20250623_153632 | DEBUG | Matrix operation: policy_selection, matrix: policy_step_69, input: (1,), output: (1,), time: 0.000023s
2025-06-23 15:36:32 | meta_aware.perf.meta_aware_sim_20250623_153632 | DEBUG | Matrix operation: generative_update, matrix: generative_step_69, input: (3,), output: (3,), time: 0.000020s
2025-06-23 15:36:32 | meta_aware.perf.meta_aware_sim_20250623_153632 | DEBUG | Matrix operation: belief_update, matrix: beliefs_step_70, input: (3,), output: (3,), time: 0.000062s
2025-06-23 15:36:32 | meta_aware.perf.meta_aware_sim_20250623_153632 | DEBUG | Matrix operation: policy_selection, matrix: policy_step_70, input: (1,), output: (1,), time: 0.000020s
2025-06-23 15:36:32 | meta_aware.perf.meta_aware_sim_20250623_153632 | DEBUG | Matrix operation: generative_update, matrix: generative_step_70, input: (3,), output: (3,), time: 0.000016s
2025-06-23 15:36:32 | meta_aware.perf.meta_aware_sim_20250623_153632 | DEBUG | Matrix operation: belief_update, matrix: beliefs_step_71, input: (3,), output: (3,), time: 0.000060s
2025-06-23 15:36:32 | meta_aware.perf.meta_aware_sim_20250623_153632 | DEBUG | Matrix operation: policy_selection, matrix: policy_step_71, input: (1,), output: (1,), time: 0.000020s
2025-06-23 15:36:32 | meta_aware.perf.meta_aware_sim_20250623_153632 | DEBUG | Matrix operation: generative_update, matrix: generative_step_71, input: (3,), output: (3,), time: 0.000016s
2025-06-23 15:36:32 | meta_aware.perf.meta_aware_sim_20250623_153632 | DEBUG | Matrix operation: belief_update, matrix: beliefs_step_72, input: (3,), output: (3,), time: 0.000060s
2025-06-23 15:36:32 | meta_aware.perf.meta_aware_sim_20250623_153632 | DEBUG | Matrix operation: policy_selection, matrix: policy_step_72, input: (1,), output: (1,), time: 0.000020s
2025-06-23 15:36:32 | meta_aware.perf.meta_aware_sim_20250623_153632 | DEBUG | Matrix operation: generative_update, matrix: generative_step_72, input: (3,), output: (3,), time: 0.000015s
2025-06-23 15:36:32 | meta_aware.perf.meta_aware_sim_20250623_153632 | DEBUG | Matrix operation: belief_update, matrix: beliefs_step_73, input: (3,), output: (3,), time: 0.000060s
2025-06-23 15:36:32 | meta_aware.perf.meta_aware_sim_20250623_153632 | DEBUG | Matrix operation: policy_selection, matrix: policy_step_73, input: (1,), output: (1,), time: 0.000020s
2025-06-23 15:36:32 | meta_aware.perf.meta_aware_sim_20250623_153632 | DEBUG | Matrix operation: generative_update, matrix: generative_step_73, input: (3,), output: (3,), time: 0.000036s
2025-06-23 15:36:32 | meta_aware.perf.meta_aware_sim_20250623_153632 | DEBUG | Matrix operation: belief_update, matrix: beliefs_step_74, input: (3,), output: (3,), time: 0.000089s
2025-06-23 15:36:32 | meta_aware.perf.meta_aware_sim_20250623_153632 | DEBUG | Matrix operation: policy_selection, matrix: policy_step_74, input: (1,), output: (1,), time: 0.000032s
2025-06-23 15:36:32 | meta_aware.perf.meta_aware_sim_20250623_153632 | DEBUG | Matrix operation: generative_update, matrix: generative_step_74, input: (3,), output: (3,), time: 0.000023s
2025-06-23 15:36:32 | meta_aware.perf.meta_aware_sim_20250623_153632 | DEBUG | Matrix operation: belief_update, matrix: beliefs_step_75, input: (3,), output: (3,), time: 0.000077s
2025-06-23 15:36:32 | meta_aware.perf.meta_aware_sim_20250623_153632 | DEBUG | Matrix operation: policy_selection, matrix: policy_step_75, input: (1,), output: (1,), time: 0.000025s
2025-06-23 15:36:32 | meta_aware.perf.meta_aware_sim_20250623_153632 | DEBUG | Matrix operation: generative_update, matrix: generative_step_75, input: (3,), output: (3,), time: 0.000022s
2025-06-23 15:36:32 | meta_aware.perf.meta_aware_sim_20250623_153632 | DEBUG | Matrix operation: belief_update, matrix: beliefs_step_76, input: (3,), output: (3,), time: 0.000071s
2025-06-23 15:36:32 | meta_aware.perf.meta_aware_sim_20250623_153632 | DEBUG | Matrix operation: policy_selection, matrix: policy_step_76, input: (1,), output: (1,), time: 0.000026s
2025-06-23 15:36:32 | meta_aware.perf.meta_aware_sim_20250623_153632 | DEBUG | Matrix operation: generative_update, matrix: generative_step_76, input: (3,), output: (3,), time: 0.000022s
2025-06-23 15:36:32 | meta_aware.perf.meta_aware_sim_20250623_153632 | DEBUG | Matrix operation: belief_update, matrix: beliefs_step_77, input: (3,), output: (3,), time: 0.000071s
2025-06-23 15:36:32 | meta_aware.perf.meta_aware_sim_20250623_153632 | DEBUG | Matrix operation: policy_selection, matrix: policy_step_77, input: (1,), output: (1,), time: 0.000026s
2025-06-23 15:36:32 | meta_aware.perf.meta_aware_sim_20250623_153632 | DEBUG | Matrix operation: generative_update, matrix: generative_step_77, input: (3,), output: (3,), time: 0.000019s
2025-06-23 15:36:32 | meta_aware.perf.meta_aware_sim_20250623_153632 | DEBUG | Matrix operation: belief_update, matrix: beliefs_step_78, input: (3,), output: (3,), time: 0.000114s
2025-06-23 15:36:32 | meta_aware.perf.meta_aware_sim_20250623_153632 | DEBUG | Matrix operation: policy_selection, matrix: policy_step_78, input: (1,), output: (1,), time: 0.000041s
2025-06-23 15:36:32 | meta_aware.perf.meta_aware_sim_20250623_153632 | DEBUG | Matrix operation: generative_update, matrix: generative_step_78, input: (3,), output: (3,), time: 0.000039s
2025-06-23 15:36:32 | meta_aware.perf.meta_aware_sim_20250623_153632 | DEBUG | Matrix operation: belief_update, matrix: beliefs_step_79, input: (3,), output: (3,), time: 0.000112s
2025-06-23 15:36:32 | meta_aware.perf.meta_aware_sim_20250623_153632 | DEBUG | Matrix operation: policy_selection, matrix: policy_step_79, input: (1,), output: (1,), time: 0.000029s
2025-06-23 15:36:32 | meta_aware.perf.meta_aware_sim_20250623_153632 | DEBUG | Matrix operation: generative_update, matrix: generative_step_79, input: (3,), output: (3,), time: 0.000029s
2025-06-23 15:36:32 | meta_aware.perf.meta_aware_sim_20250623_153632 | DEBUG | Matrix operation: belief_update, matrix: beliefs_step_80, input: (3,), output: (3,), time: 0.000084s
2025-06-23 15:36:32 | meta_aware.perf.meta_aware_sim_20250623_153632 | DEBUG | Matrix operation: policy_selection, matrix: policy_step_80, input: (1,), output: (1,), time: 0.000025s
2025-06-23 15:36:32 | meta_aware.perf.meta_aware_sim_20250623_153632 | DEBUG | Matrix operation: generative_update, matrix: generative_step_80, input: (3,), output: (3,), time: 0.000019s
2025-06-23 15:36:32 | meta_aware.perf.meta_aware_sim_20250623_153632 | DEBUG | Step 80: {"step_duration": 0.00018906593322753906}
2025-06-23 15:36:32 | meta_aware.perf.meta_aware_sim_20250623_153632 | DEBUG | Matrix operation: belief_update, matrix: beliefs_step_81, input: (3,), output: (3,), time: 0.000066s
2025-06-23 15:36:32 | meta_aware.perf.meta_aware_sim_20250623_153632 | DEBUG | Matrix operation: policy_selection, matrix: policy_step_81, input: (1,), output: (1,), time: 0.000022s
2025-06-23 15:36:32 | meta_aware.perf.meta_aware_sim_20250623_153632 | DEBUG | Matrix operation: generative_update, matrix: generative_step_81, input: (3,), output: (3,), time: 0.000017s
2025-06-23 15:36:32 | meta_aware.perf.meta_aware_sim_20250623_153632 | DEBUG | Matrix operation: belief_update, matrix: beliefs_step_82, input: (3,), output: (3,), time: 0.000062s
2025-06-23 15:36:32 | meta_aware.perf.meta_aware_sim_20250623_153632 | DEBUG | Matrix operation: policy_selection, matrix: policy_step_82, input: (1,), output: (1,), time: 0.000021s
2025-06-23 15:36:32 | meta_aware.perf.meta_aware_sim_20250623_153632 | DEBUG | Matrix operation: generative_update, matrix: generative_step_82, input: (3,), output: (3,), time: 0.000017s
2025-06-23 15:36:32 | meta_aware.perf.meta_aware_sim_20250623_153632 | DEBUG | Matrix operation: belief_update, matrix: beliefs_step_83, input: (3,), output: (3,), time: 0.000061s
2025-06-23 15:36:32 | meta_aware.perf.meta_aware_sim_20250623_153632 | DEBUG | Matrix operation: policy_selection, matrix: policy_step_83, input: (1,), output: (1,), time: 0.000020s
2025-06-23 15:36:32 | meta_aware.perf.meta_aware_sim_20250623_153632 | DEBUG | Matrix operation: generative_update, matrix: generative_step_83, input: (3,), output: (3,), time: 0.000016s
2025-06-23 15:36:32 | meta_aware.perf.meta_aware_sim_20250623_153632 | DEBUG | Matrix operation: belief_update, matrix: beliefs_step_84, input: (3,), output: (3,), time: 0.000061s
2025-06-23 15:36:32 | meta_aware.perf.meta_aware_sim_20250623_153632 | DEBUG | Matrix operation: policy_selection, matrix: policy_step_84, input: (1,), output: (1,), time: 0.000020s
2025-06-23 15:36:32 | meta_aware.perf.meta_aware_sim_20250623_153632 | DEBUG | Matrix operation: generative_update, matrix: generative_step_84, input: (3,), output: (3,), time: 0.000016s
2025-06-23 15:36:32 | meta_aware.perf.meta_aware_sim_20250623_153632 | DEBUG | Matrix operation: belief_update, matrix: beliefs_step_85, input: (3,), output: (3,), time: 0.000059s
2025-06-23 15:36:32 | meta_aware.perf.meta_aware_sim_20250623_153632 | DEBUG | Matrix operation: policy_selection, matrix: policy_step_85, input: (1,), output: (1,), time: 0.000020s
2025-06-23 15:36:32 | meta_aware.perf.meta_aware_sim_20250623_153632 | DEBUG | Matrix operation: generative_update, matrix: generative_step_85, input: (3,), output: (3,), time: 0.000016s
2025-06-23 15:36:32 | meta_aware.perf.meta_aware_sim_20250623_153632 | DEBUG | Matrix operation: belief_update, matrix: beliefs_step_86, input: (3,), output: (3,), time: 0.000060s
2025-06-23 15:36:32 | meta_aware.perf.meta_aware_sim_20250623_153632 | DEBUG | Matrix operation: policy_selection, matrix: policy_step_86, input: (1,), output: (1,), time: 0.000021s
2025-06-23 15:36:32 | meta_aware.perf.meta_aware_sim_20250623_153632 | DEBUG | Matrix operation: generative_update, matrix: generative_step_86, input: (3,), output: (3,), time: 0.000015s
2025-06-23 15:36:32 | meta_aware.perf.meta_aware_sim_20250623_153632 | DEBUG | Matrix operation: belief_update, matrix: beliefs_step_87, input: (3,), output: (3,), time: 0.000059s
2025-06-23 15:36:32 | meta_aware.perf.meta_aware_sim_20250623_153632 | DEBUG | Matrix operation: policy_selection, matrix: policy_step_87, input: (1,), output: (1,), time: 0.000021s
2025-06-23 15:36:32 | meta_aware.perf.meta_aware_sim_20250623_153632 | DEBUG | Matrix operation: generative_update, matrix: generative_step_87, input: (3,), output: (3,), time: 0.000016s
2025-06-23 15:36:32 | meta_aware.perf.meta_aware_sim_20250623_153632 | DEBUG | Matrix operation: belief_update, matrix: beliefs_step_88, input: (3,), output: (3,), time: 0.000060s
2025-06-23 15:36:32 | meta_aware.perf.meta_aware_sim_20250623_153632 | DEBUG | Matrix operation: policy_selection, matrix: policy_step_88, input: (1,), output: (1,), time: 0.000020s
2025-06-23 15:36:32 | meta_aware.perf.meta_aware_sim_20250623_153632 | DEBUG | Matrix operation: generative_update, matrix: generative_step_88, input: (3,), output: (3,), time: 0.000015s
2025-06-23 15:36:32 | meta_aware.perf.meta_aware_sim_20250623_153632 | DEBUG | Matrix operation: belief_update, matrix: beliefs_step_89, input: (3,), output: (3,), time: 0.000060s
2025-06-23 15:36:32 | meta_aware.perf.meta_aware_sim_20250623_153632 | DEBUG | Matrix operation: policy_selection, matrix: policy_step_89, input: (1,), output: (1,), time: 0.000021s
2025-06-23 15:36:32 | meta_aware.perf.meta_aware_sim_20250623_153632 | DEBUG | Matrix operation: generative_update, matrix: generative_step_89, input: (3,), output: (3,), time: 0.000015s
2025-06-23 15:36:32 | meta_aware.perf.meta_aware_sim_20250623_153632 | DEBUG | Matrix operation: belief_update, matrix: beliefs_step_90, input: (3,), output: (3,), time: 0.000059s
2025-06-23 15:36:32 | meta_aware.perf.meta_aware_sim_20250623_153632 | DEBUG | Matrix operation: policy_selection, matrix: policy_step_90, input: (1,), output: (1,), time: 0.000020s
2025-06-23 15:36:32 | meta_aware.perf.meta_aware_sim_20250623_153632 | DEBUG | Matrix operation: generative_update, matrix: generative_step_90, input: (3,), output: (3,), time: 0.000015s
2025-06-23 15:36:32 | meta_aware.perf.meta_aware_sim_20250623_153632 | DEBUG | Matrix operation: belief_update, matrix: beliefs_step_91, input: (3,), output: (3,), time: 0.000060s
2025-06-23 15:36:32 | meta_aware.perf.meta_aware_sim_20250623_153632 | DEBUG | Matrix operation: policy_selection, matrix: policy_step_91, input: (1,), output: (1,), time: 0.000020s
2025-06-23 15:36:32 | meta_aware.perf.meta_aware_sim_20250623_153632 | DEBUG | Matrix operation: generative_update, matrix: generative_step_91, input: (3,), output: (3,), time: 0.000015s
2025-06-23 15:36:32 | meta_aware.perf.meta_aware_sim_20250623_153632 | DEBUG | Matrix operation: belief_update, matrix: beliefs_step_92, input: (3,), output: (3,), time: 0.000059s
2025-06-23 15:36:32 | meta_aware.perf.meta_aware_sim_20250623_153632 | DEBUG | Matrix operation: policy_selection, matrix: policy_step_92, input: (1,), output: (1,), time: 0.000020s
2025-06-23 15:36:32 | meta_aware.perf.meta_aware_sim_20250623_153632 | DEBUG | Matrix operation: generative_update, matrix: generative_step_92, input: (3,), output: (3,), time: 0.000015s
2025-06-23 15:36:32 | meta_aware.perf.meta_aware_sim_20250623_153632 | DEBUG | Matrix operation: belief_update, matrix: beliefs_step_93, input: (3,), output: (3,), time: 0.000060s
2025-06-23 15:36:32 | meta_aware.perf.meta_aware_sim_20250623_153632 | DEBUG | Matrix operation: policy_selection, matrix: policy_step_93, input: (1,), output: (1,), time: 0.000020s
2025-06-23 15:36:32 | meta_aware.perf.meta_aware_sim_20250623_153632 | DEBUG | Matrix operation: generative_update, matrix: generative_step_93, input: (3,), output: (3,), time: 0.000015s
2025-06-23 15:36:32 | meta_aware.perf.meta_aware_sim_20250623_153632 | DEBUG | Matrix operation: belief_update, matrix: beliefs_step_94, input: (3,), output: (3,), time: 0.000059s
2025-06-23 15:36:32 | meta_aware.perf.meta_aware_sim_20250623_153632 | DEBUG | Matrix operation: policy_selection, matrix: policy_step_94, input: (1,), output: (1,), time: 0.000020s
2025-06-23 15:36:32 | meta_aware.perf.meta_aware_sim_20250623_153632 | DEBUG | Matrix operation: generative_update, matrix: generative_step_94, input: (3,), output: (3,), time: 0.000015s
2025-06-23 15:36:32 | meta_aware.perf.meta_aware_sim_20250623_153632 | DEBUG | Matrix operation: belief_update, matrix: beliefs_step_95, input: (3,), output: (3,), time: 0.000060s
2025-06-23 15:36:32 | meta_aware.perf.meta_aware_sim_20250623_153632 | DEBUG | Matrix operation: policy_selection, matrix: policy_step_95, input: (1,), output: (1,), time: 0.000020s
2025-06-23 15:36:32 | meta_aware.perf.meta_aware_sim_20250623_153632 | DEBUG | Matrix operation: generative_update, matrix: generative_step_95, input: (3,), output: (3,), time: 0.000015s
2025-06-23 15:36:32 | meta_aware.perf.meta_aware_sim_20250623_153632 | DEBUG | Matrix operation: belief_update, matrix: beliefs_step_96, input: (3,), output: (3,), time: 0.000059s
2025-06-23 15:36:32 | meta_aware.perf.meta_aware_sim_20250623_153632 | DEBUG | Matrix operation: policy_selection, matrix: policy_step_96, input: (1,), output: (1,), time: 0.000020s
2025-06-23 15:36:32 | meta_aware.perf.meta_aware_sim_20250623_153632 | DEBUG | Matrix operation: generative_update, matrix: generative_step_96, input: (3,), output: (3,), time: 0.000015s
2025-06-23 15:36:32 | meta_aware.perf.meta_aware_sim_20250623_153632 | DEBUG | Matrix operation: belief_update, matrix: beliefs_step_97, input: (3,), output: (3,), time: 0.000058s
2025-06-23 15:36:32 | meta_aware.perf.meta_aware_sim_20250623_153632 | DEBUG | Matrix operation: policy_selection, matrix: policy_step_97, input: (1,), output: (1,), time: 0.000019s
2025-06-23 15:36:32 | meta_aware.perf.meta_aware_sim_20250623_153632 | DEBUG | Matrix operation: generative_update, matrix: generative_step_97, input: (3,), output: (3,), time: 0.000016s
2025-06-23 15:36:32 | meta_aware.perf.meta_aware_sim_20250623_153632 | DEBUG | Matrix operation: belief_update, matrix: beliefs_step_98, input: (3,), output: (3,), time: 0.000058s
2025-06-23 15:36:32 | meta_aware.perf.meta_aware_sim_20250623_153632 | DEBUG | Matrix operation: policy_selection, matrix: policy_step_98, input: (1,), output: (1,), time: 0.000020s
2025-06-23 15:36:32 | meta_aware.perf.meta_aware_sim_20250623_153632 | DEBUG | Matrix operation: generative_update, matrix: generative_step_98, input: (3,), output: (3,), time: 0.000015s
2025-06-23 15:36:32 | meta_aware.perf.meta_aware_sim_20250623_153632 | DEBUG | Matrix operation: belief_update, matrix: beliefs_step_99, input: (3,), output: (3,), time: 0.000059s
2025-06-23 15:36:32 | meta_aware.perf.meta_aware_sim_20250623_153632 | DEBUG | Matrix operation: final_computation, matrix: final_quantities, input: (100,), output: (1,), time: 0.000001s
